[14-Nov-2023 12:47:19 UTC] PHP Warning:  Failed loading Zend extension 'php_opcache.dll' (tried: C:/Users/kurosh/AppData/Roaming/Local/lightning-services/php-8.1.23+0/bin/win64/ext\php_opcache.dll (The specified procedure could not be found), C:/Users/kurosh/AppData/Roaming/Local/lightning-services/php-8.1.23+0/bin/win64/ext\php_php_opcache.dll.dll (The specified module could not be found)) in Unknown on line 0
[14-Nov-2023 12:47:19 UTC] PHP Warning:  Failed loading Zend extension 'php_xdebug.dll' (tried: C:/Users/kurosh/AppData/Roaming/Local/lightning-services/php-8.1.23+0/bin/win64/ext\php_xdebug.dll (The specified procedure could not be found), C:/Users/kurosh/AppData/Roaming/Local/lightning-services/php-8.1.23+0/bin/win64/ext\php_php_xdebug.dll.dll (The specified module could not be found)) in Unknown on line 0
[14-Nov-2023 12:47:19 UTC] PHP Warning:  PHP Startup: Unable to load dynamic library 'php_curl.dll' (tried: C:/Users/kurosh/AppData/Roaming/Local/lightning-services/php-8.1.23+0/bin/win64/ext\php_curl.dll (The specified module could not be found), C:/Users/kurosh/AppData/Roaming/Local/lightning-services/php-8.1.23+0/bin/win64/ext\php_php_curl.dll.dll (The specified module could not be found)) in Unknown on line 0
[14-Nov-2023 12:47:19 UTC] PHP Warning:  PHP Startup: gettext: Unable to initialize module
Module compiled with module API=20210902
PHP    compiled with module API=20220829
These options need to match
 in Unknown on line 0
[14-Nov-2023 12:47:19 UTC] PHP Warning:  PHP Startup: Unable to load dynamic library 'php_openssl.dll' (tried: C:/Users/kurosh/AppData/Roaming/Local/lightning-services/php-8.1.23+0/bin/win64/ext\php_openssl.dll (The specified module could not be found), C:/Users/kurosh/AppData/Roaming/Local/lightning-services/php-8.1.23+0/bin/win64/ext\php_php_openssl.dll.dll (The specified module could not be found)) in Unknown on line 0
[14-Nov-2023 12:47:19 UTC] PHP Warning:  PHP Startup: exif: Unable to initialize module
Module compiled with module API=20210902
PHP    compiled with module API=20220829
These options need to match
 in Unknown on line 0
[14-Nov-2023 12:47:19 UTC] PHP Warning:  PHP Startup: gd: Unable to initialize module
Module compiled with module API=20210902
PHP    compiled with module API=20220829
These options need to match
 in Unknown on line 0
[14-Nov-2023 12:47:19 UTC] PHP Warning:  PHP Startup: Unable to load dynamic library 'php_ftp.dll' (tried: C:/Users/kurosh/AppData/Roaming/Local/lightning-services/php-8.1.23+0/bin/win64/ext\php_ftp.dll (The specified module could not be found), C:/Users/kurosh/AppData/Roaming/Local/lightning-services/php-8.1.23+0/bin/win64/ext\php_php_ftp.dll.dll (The specified module could not be found)) in Unknown on line 0
[14-Nov-2023 12:47:19 UTC] PHP Warning:  PHP Startup: FFI: Unable to initialize module
Module compiled with module API=20210902
PHP    compiled with module API=20220829
These options need to match
 in Unknown on line 0
[14-Nov-2023 12:47:19 UTC] PHP Warning:  PHP Startup: imap: Unable to initialize module
Module compiled with module API=20210902
PHP    compiled with module API=20220829
These options need to match
 in Unknown on line 0
[14-Nov-2023 12:47:19 UTC] PHP Warning:  PHP Startup: bz2: Unable to initialize module
Module compiled with module API=20210902
PHP    compiled with module API=20220829
These options need to match
 in Unknown on line 0
[14-Nov-2023 12:47:19 UTC] PHP Warning:  PHP Startup: mbstring: Unable to initialize module
Module compiled with module API=20210902
PHP    compiled with module API=20220829
These options need to match
 in Unknown on line 0
[14-Nov-2023 12:47:19 UTC] PHP Warning:  PHP Startup: sodium: Unable to initialize module
Module compiled with module API=20210902
PHP    compiled with module API=20220829
These options need to match
 in Unknown on line 0
[14-Nov-2023 12:47:19 UTC] PHP Warning:  PHP Startup: tidy: Unable to initialize module
Module compiled with module API=20210902
PHP    compiled with module API=20220829
These options need to match
 in Unknown on line 0
[14-Nov-2023 12:47:19 UTC] PHP Warning:  PHP Startup: xsl: Unable to initialize module
Module compiled with module API=20210902
PHP    compiled with module API=20220829
These options need to match
 in Unknown on line 0
[14-Nov-2023 12:47:19 UTC] PHP Warning:  PHP Startup: soap: Unable to initialize module
Module compiled with module API=20210902
PHP    compiled with module API=20220829
These options need to match
 in Unknown on line 0
[14-Nov-2023 12:47:19 UTC] PHP Warning:  PHP Startup: mysqli: Unable to initialize module
Module compiled with module API=20210902
PHP    compiled with module API=20220829
These options need to match
 in Unknown on line 0
[14-Nov-2023 12:47:19 UTC] PHP Warning:  PHP Startup: pdo_mysql: Unable to initialize module
Module compiled with module API=20210902
PHP    compiled with module API=20220829
These options need to match
 in Unknown on line 0
[14-Nov-2023 12:47:19 UTC] PHP Warning:  PHP Startup: fileinfo: Unable to initialize module
Module compiled with module API=20210902
PHP    compiled with module API=20220829
These options need to match
 in Unknown on line 0
[14-Nov-2023 12:47:19 UTC] PHP Warning:  PHP Startup: pdo_sqlite: Unable to initialize module
Module compiled with module API=20210902
PHP    compiled with module API=20220829
These options need to match
 in Unknown on line 0
[14-Nov-2023 12:47:19 UTC] PHP Warning:  PHP Startup: sqlite3: Unable to initialize module
Module compiled with module API=20210902
PHP    compiled with module API=20220829
These options need to match
 in Unknown on line 0
[14-Nov-2023 12:47:19 UTC] PHP Warning:  PHP Startup: Unable to load dynamic library 'php_imagick.dll' (tried: C:/Users/kurosh/AppData/Roaming/Local/lightning-services/php-8.1.23+0/bin/win64/ext\php_imagick.dll (The specified module could not be found), C:/Users/kurosh/AppData/Roaming/Local/lightning-services/php-8.1.23+0/bin/win64/ext\php_php_imagick.dll.dll (The specified module could not be found)) in Unknown on line 0
[14-Nov-2023 12:47:19 UTC] PHP Warning:  PHP Startup: Unable to load dynamic library 'php_intl.dll' (tried: C:/Users/kurosh/AppData/Roaming/Local/lightning-services/php-8.1.23+0/bin/win64/ext\php_intl.dll (The specified module could not be found), C:/Users/kurosh/AppData/Roaming/Local/lightning-services/php-8.1.23+0/bin/win64/ext\php_php_intl.dll.dll (The specified module could not be found)) in Unknown on line 0
[25-Nov-2023 01:33:18 UTC] PHP Parse error:  syntax error, unexpected token "<<" in C:\Users\Abdul Rahman\Local Sites\LGL-Website\app\public\wp-content\themes\lgl-theme\functions.php on line 53
[25-Nov-2023 01:33:18 UTC] PHP Warning:  Trying to access array offset on value of type bool in C:\Users\Abdul Rahman\Local Sites\LGL-Website\app\public\wp-includes\class-wp-recovery-mode-email-service.php on line 367
[25-Nov-2023 01:33:18 UTC] PHP Warning:  Trying to access array offset on value of type bool in C:\Users\Abdul Rahman\Local Sites\LGL-Website\app\public\wp-includes\class-wp-recovery-mode-email-service.php on line 368
[25-Nov-2023 01:35:14 UTC] PHP Parse error:  syntax error, unexpected token "<<" in C:\Users\Abdul Rahman\Local Sites\LGL-Website\app\public\wp-content\themes\lgl-theme\functions.php on line 53
[25-Nov-2023 01:45:26 UTC] PHP Warning:  PHP Startup: Unable to load dynamic library 'php_zip.dll' (tried: C:/Users/Abdul Rahman/AppData/Roaming/Local/lightning-services/php-8.1.23+0/bin/win64/ext\php_zip.dll (The specified module could not be found), C:/Users/Abdul Rahman/AppData/Roaming/Local/lightning-services/php-8.1.23+0/bin/win64/ext\php_php_zip.dll.dll (The specified module could not be found)) in Unknown on line 0
[25-Nov-2023 01:45:26 UTC] PHP Warning:  PHP Startup: Unable to load dynamic library 'php_zip.dll' (tried: C:/Users/Abdul Rahman/AppData/Roaming/Local/lightning-services/php-8.1.23+0/bin/win64/ext\php_zip.dll (The specified module could not be found), C:/Users/Abdul Rahman/AppData/Roaming/Local/lightning-services/php-8.1.23+0/bin/win64/ext\php_php_zip.dll.dll (The specified module could not be found)) in Unknown on line 0
[25-Nov-2023 01:45:26 UTC] PHP Warning:  PHP Startup: Unable to load dynamic library 'php_zip.dll' (tried: C:/Users/Abdul Rahman/AppData/Roaming/Local/lightning-services/php-8.1.23+0/bin/win64/ext\php_zip.dll (The specified module could not be found), C:/Users/Abdul Rahman/AppData/Roaming/Local/lightning-services/php-8.1.23+0/bin/win64/ext\php_php_zip.dll.dll (The specified module could not be found)) in Unknown on line 0
[25-Nov-2023 01:45:26 UTC] PHP Warning:  PHP Startup: Unable to load dynamic library 'php_zip.dll' (tried: C:/Users/Abdul Rahman/AppData/Roaming/Local/lightning-services/php-8.1.23+0/bin/win64/ext\php_zip.dll (The specified module could not be found), C:/Users/Abdul Rahman/AppData/Roaming/Local/lightning-services/php-8.1.23+0/bin/win64/ext\php_php_zip.dll.dll (The specified module could not be found)) in Unknown on line 0
[25-Nov-2023 01:45:26 UTC] PHP Warning:  PHP Startup: Unable to load dynamic library 'php_zip.dll' (tried: C:/Users/Abdul Rahman/AppData/Roaming/Local/lightning-services/php-8.1.23+0/bin/win64/ext\php_zip.dll (The specified module could not be found), C:/Users/Abdul Rahman/AppData/Roaming/Local/lightning-services/php-8.1.23+0/bin/win64/ext\php_php_zip.dll.dll (The specified module could not be found)) in Unknown on line 0
[25-Nov-2023 01:45:26 UTC] PHP Warning:  PHP Startup: Unable to load dynamic library 'php_zip.dll' (tried: C:/Users/Abdul Rahman/AppData/Roaming/Local/lightning-services/php-8.1.23+0/bin/win64/ext\php_zip.dll (The specified module could not be found), C:/Users/Abdul Rahman/AppData/Roaming/Local/lightning-services/php-8.1.23+0/bin/win64/ext\php_php_zip.dll.dll (The specified module could not be found)) in Unknown on line 0
[25-Nov-2023 01:45:28 UTC] PHP Warning:  PHP Startup: Unable to load dynamic library 'php_zip.dll' (tried: C:/Users/Abdul Rahman/AppData/Roaming/Local/lightning-services/php-8.1.23+0/bin/win64/ext\php_zip.dll (The specified module could not be found), C:/Users/Abdul Rahman/AppData/Roaming/Local/lightning-services/php-8.1.23+0/bin/win64/ext\php_php_zip.dll.dll (The specified module could not be found)) in Unknown on line 0
[25-Nov-2023 01:45:29 UTC] PHP Warning:  PHP Startup: Unable to load dynamic library 'php_zip.dll' (tried: C:/Users/Abdul Rahman/AppData/Roaming/Local/lightning-services/php-8.1.23+0/bin/win64/ext\php_zip.dll (The specified module could not be found), C:/Users/Abdul Rahman/AppData/Roaming/Local/lightning-services/php-8.1.23+0/bin/win64/ext\php_php_zip.dll.dll (The specified module could not be found)) in Unknown on line 0
[25-Nov-2023 01:45:29 UTC] PHP Warning:  PHP Startup: Unable to load dynamic library 'php_zip.dll' (tried: C:/Users/Abdul Rahman/AppData/Roaming/Local/lightning-services/php-8.1.23+0/bin/win64/ext\php_zip.dll (The specified module could not be found), C:/Users/Abdul Rahman/AppData/Roaming/Local/lightning-services/php-8.1.23+0/bin/win64/ext\php_php_zip.dll.dll (The specified module could not be found)) in Unknown on line 0
[25-Nov-2023 01:45:29 UTC] PHP Warning:  PHP Startup: Unable to load dynamic library 'php_zip.dll' (tried: C:/Users/Abdul Rahman/AppData/Roaming/Local/lightning-services/php-8.1.23+0/bin/win64/ext\php_zip.dll (The specified module could not be found), C:/Users/Abdul Rahman/AppData/Roaming/Local/lightning-services/php-8.1.23+0/bin/win64/ext\php_php_zip.dll.dll (The specified module could not be found)) in Unknown on line 0
[25-Nov-2023 01:45:29 UTC] PHP Warning:  PHP Startup: Unable to load dynamic library 'php_zip.dll' (tried: C:/Users/Abdul Rahman/AppData/Roaming/Local/lightning-services/php-8.1.23+0/bin/win64/ext\php_zip.dll (The specified module could not be found), C:/Users/Abdul Rahman/AppData/Roaming/Local/lightning-services/php-8.1.23+0/bin/win64/ext\php_php_zip.dll.dll (The specified module could not be found)) in Unknown on line 0
[25-Nov-2023 10:41:47 UTC] PHP Warning:  PHP Startup: Unable to load dynamic library 'php_zip.dll' (tried: C:/Users/Abdul Rahman/AppData/Roaming/Local/lightning-services/php-8.1.23+0/bin/win64/ext\php_zip.dll (The specified module could not be found), C:/Users/Abdul Rahman/AppData/Roaming/Local/lightning-services/php-8.1.23+0/bin/win64/ext\php_php_zip.dll.dll (The specified module could not be found)) in Unknown on line 0
[25-Nov-2023 10:41:47 UTC] PHP Warning:  PHP Startup: Unable to load dynamic library 'php_zip.dll' (tried: C:/Users/Abdul Rahman/AppData/Roaming/Local/lightning-services/php-8.1.23+0/bin/win64/ext\php_zip.dll (The specified module could not be found), C:/Users/Abdul Rahman/AppData/Roaming/Local/lightning-services/php-8.1.23+0/bin/win64/ext\php_php_zip.dll.dll (The specified module could not be found)) in Unknown on line 0
[25-Nov-2023 10:41:47 UTC] PHP Warning:  PHP Startup: Unable to load dynamic library 'php_zip.dll' (tried: C:/Users/Abdul Rahman/AppData/Roaming/Local/lightning-services/php-8.1.23+0/bin/win64/ext\php_zip.dll (The specified module could not be found), C:/Users/Abdul Rahman/AppData/Roaming/Local/lightning-services/php-8.1.23+0/bin/win64/ext\php_php_zip.dll.dll (The specified module could not be found)) in Unknown on line 0
[25-Nov-2023 10:41:47 UTC] PHP Warning:  PHP Startup: Unable to load dynamic library 'php_zip.dll' (tried: C:/Users/Abdul Rahman/AppData/Roaming/Local/lightning-services/php-8.1.23+0/bin/win64/ext\php_zip.dll (The specified module could not be found), C:/Users/Abdul Rahman/AppData/Roaming/Local/lightning-services/php-8.1.23+0/bin/win64/ext\php_php_zip.dll.dll (The specified module could not be found)) in Unknown on line 0
[25-Nov-2023 10:41:47 UTC] PHP Warning:  PHP Startup: Unable to load dynamic library 'php_zip.dll' (tried: C:/Users/Abdul Rahman/AppData/Roaming/Local/lightning-services/php-8.1.23+0/bin/win64/ext\php_zip.dll (The specified module could not be found), C:/Users/Abdul Rahman/AppData/Roaming/Local/lightning-services/php-8.1.23+0/bin/win64/ext\php_php_zip.dll.dll (The specified module could not be found)) in Unknown on line 0
[25-Nov-2023 10:41:47 UTC] PHP Warning:  PHP Startup: Unable to load dynamic library 'php_zip.dll' (tried: C:/Users/Abdul Rahman/AppData/Roaming/Local/lightning-services/php-8.1.23+0/bin/win64/ext\php_zip.dll (The specified module could not be found), C:/Users/Abdul Rahman/AppData/Roaming/Local/lightning-services/php-8.1.23+0/bin/win64/ext\php_php_zip.dll.dll (The specified module could not be found)) in Unknown on line 0
[25-Nov-2023 10:41:49 UTC] PHP Warning:  PHP Startup: Unable to load dynamic library 'php_zip.dll' (tried: C:/Users/Abdul Rahman/AppData/Roaming/Local/lightning-services/php-8.1.23+0/bin/win64/ext\php_zip.dll (The specified module could not be found), C:/Users/Abdul Rahman/AppData/Roaming/Local/lightning-services/php-8.1.23+0/bin/win64/ext\php_php_zip.dll.dll (The specified module could not be found)) in Unknown on line 0
[25-Nov-2023 10:41:55 UTC] PHP Warning:  PHP Startup: Unable to load dynamic library 'php_zip.dll' (tried: C:/Users/Abdul Rahman/AppData/Roaming/Local/lightning-services/php-8.1.23+0/bin/win64/ext\php_zip.dll (The specified module could not be found), C:/Users/Abdul Rahman/AppData/Roaming/Local/lightning-services/php-8.1.23+0/bin/win64/ext\php_php_zip.dll.dll (The specified module could not be found)) in Unknown on line 0
[25-Nov-2023 10:41:55 UTC] PHP Warning:  PHP Startup: Unable to load dynamic library 'php_zip.dll' (tried: C:/Users/Abdul Rahman/AppData/Roaming/Local/lightning-services/php-8.1.23+0/bin/win64/ext\php_zip.dll (The specified module could not be found), C:/Users/Abdul Rahman/AppData/Roaming/Local/lightning-services/php-8.1.23+0/bin/win64/ext\php_php_zip.dll.dll (The specified module could not be found)) in Unknown on line 0
[25-Nov-2023 10:41:55 UTC] PHP Warning:  PHP Startup: Unable to load dynamic library 'php_zip.dll' (tried: C:/Users/Abdul Rahman/AppData/Roaming/Local/lightning-services/php-8.1.23+0/bin/win64/ext\php_zip.dll (The specified module could not be found), C:/Users/Abdul Rahman/AppData/Roaming/Local/lightning-services/php-8.1.23+0/bin/win64/ext\php_php_zip.dll.dll (The specified module could not be found)) in Unknown on line 0
[25-Nov-2023 10:41:55 UTC] PHP Warning:  PHP Startup: Unable to load dynamic library 'php_zip.dll' (tried: C:/Users/Abdul Rahman/AppData/Roaming/Local/lightning-services/php-8.1.23+0/bin/win64/ext\php_zip.dll (The specified module could not be found), C:/Users/Abdul Rahman/AppData/Roaming/Local/lightning-services/php-8.1.23+0/bin/win64/ext\php_php_zip.dll.dll (The specified module could not be found)) in Unknown on line 0
[25-Nov-2023 13:08:49 UTC] PHP Warning:  Undefined variable $content in C:\Users\Abdul Rahman\Local Sites\LGL-Website\app\public\wp-content\themes\lgl-theme\single-product.php on line 13
[25-Nov-2023 13:08:49 UTC] PHP Warning:  Undefined variable $content in C:\Users\Abdul Rahman\Local Sites\LGL-Website\app\public\wp-content\themes\lgl-theme\single-product.php on line 20
[25-Nov-2023 13:09:06 UTC] PHP Warning:  Undefined variable $content in C:\Users\Abdul Rahman\Local Sites\LGL-Website\app\public\wp-content\themes\lgl-theme\single-product.php on line 13
[25-Nov-2023 13:09:06 UTC] PHP Warning:  Undefined variable $content in C:\Users\Abdul Rahman\Local Sites\LGL-Website\app\public\wp-content\themes\lgl-theme\single-product.php on line 20
[25-Nov-2023 13:09:09 UTC] PHP Warning:  Undefined variable $content in C:\Users\Abdul Rahman\Local Sites\LGL-Website\app\public\wp-content\themes\lgl-theme\single-product.php on line 13
[25-Nov-2023 13:09:09 UTC] PHP Warning:  Undefined variable $content in C:\Users\Abdul Rahman\Local Sites\LGL-Website\app\public\wp-content\themes\lgl-theme\single-product.php on line 20
[25-Nov-2023 21:28:33 UTC] PHP Warning:  PHP Startup: Unable to load dynamic library 'php_zip.dll' (tried: C:/Users/Abdul Rahman/AppData/Roaming/Local/lightning-services/php-8.1.23+0/bin/win64/ext\php_zip.dll (The specified module could not be found), C:/Users/Abdul Rahman/AppData/Roaming/Local/lightning-services/php-8.1.23+0/bin/win64/ext\php_php_zip.dll.dll (The specified module could not be found)) in Unknown on line 0
[25-Nov-2023 21:28:34 UTC] PHP Warning:  PHP Startup: Unable to load dynamic library 'php_zip.dll' (tried: C:/Users/Abdul Rahman/AppData/Roaming/Local/lightning-services/php-8.1.23+0/bin/win64/ext\php_zip.dll (The specified module could not be found), C:/Users/Abdul Rahman/AppData/Roaming/Local/lightning-services/php-8.1.23+0/bin/win64/ext\php_php_zip.dll.dll (The specified module could not be found)) in Unknown on line 0
[25-Nov-2023 21:32:58 UTC] PHP Warning:  PHP Startup: Unable to load dynamic library 'php_zip.dll' (tried: C:/Users/Abdul Rahman/AppData/Roaming/Local/lightning-services/php-8.1.23+0/bin/win64/ext\php_zip.dll (The specified module could not be found), C:/Users/Abdul Rahman/AppData/Roaming/Local/lightning-services/php-8.1.23+0/bin/win64/ext\php_php_zip.dll.dll (The specified module could not be found)) in Unknown on line 0
[25-Nov-2023 21:32:58 UTC] PHP Warning:  PHP Startup: Unable to load dynamic library 'php_zip.dll' (tried: C:/Users/Abdul Rahman/AppData/Roaming/Local/lightning-services/php-8.1.23+0/bin/win64/ext\php_zip.dll (The specified module could not be found), C:/Users/Abdul Rahman/AppData/Roaming/Local/lightning-services/php-8.1.23+0/bin/win64/ext\php_php_zip.dll.dll (The specified module could not be found)) in Unknown on line 0
[25-Nov-2023 21:32:58 UTC] PHP Warning:  PHP Startup: Unable to load dynamic library 'php_zip.dll' (tried: C:/Users/Abdul Rahman/AppData/Roaming/Local/lightning-services/php-8.1.23+0/bin/win64/ext\php_zip.dll (The specified module could not be found), C:/Users/Abdul Rahman/AppData/Roaming/Local/lightning-services/php-8.1.23+0/bin/win64/ext\php_php_zip.dll.dll (The specified module could not be found)) in Unknown on line 0
[25-Nov-2023 21:32:58 UTC] PHP Warning:  PHP Startup: Unable to load dynamic library 'php_zip.dll' (tried: C:/Users/Abdul Rahman/AppData/Roaming/Local/lightning-services/php-8.1.23+0/bin/win64/ext\php_zip.dll (The specified module could not be found), C:/Users/Abdul Rahman/AppData/Roaming/Local/lightning-services/php-8.1.23+0/bin/win64/ext\php_php_zip.dll.dll (The specified module could not be found)) in Unknown on line 0
[25-Nov-2023 21:32:58 UTC] PHP Warning:  PHP Startup: Unable to load dynamic library 'php_zip.dll' (tried: C:/Users/Abdul Rahman/AppData/Roaming/Local/lightning-services/php-8.1.23+0/bin/win64/ext\php_zip.dll (The specified module could not be found), C:/Users/Abdul Rahman/AppData/Roaming/Local/lightning-services/php-8.1.23+0/bin/win64/ext\php_php_zip.dll.dll (The specified module could not be found)) in Unknown on line 0
[25-Nov-2023 21:32:58 UTC] PHP Warning:  PHP Startup: Unable to load dynamic library 'php_zip.dll' (tried: C:/Users/Abdul Rahman/AppData/Roaming/Local/lightning-services/php-8.1.23+0/bin/win64/ext\php_zip.dll (The specified module could not be found), C:/Users/Abdul Rahman/AppData/Roaming/Local/lightning-services/php-8.1.23+0/bin/win64/ext\php_php_zip.dll.dll (The specified module could not be found)) in Unknown on line 0
[25-Nov-2023 21:33:00 UTC] PHP Warning:  PHP Startup: Unable to load dynamic library 'php_zip.dll' (tried: C:/Users/Abdul Rahman/AppData/Roaming/Local/lightning-services/php-8.1.23+0/bin/win64/ext\php_zip.dll (The specified module could not be found), C:/Users/Abdul Rahman/AppData/Roaming/Local/lightning-services/php-8.1.23+0/bin/win64/ext\php_php_zip.dll.dll (The specified module could not be found)) in Unknown on line 0
[25-Nov-2023 21:33:08 UTC] PHP Warning:  PHP Startup: Unable to load dynamic library 'php_zip.dll' (tried: C:/Users/Abdul Rahman/AppData/Roaming/Local/lightning-services/php-8.1.23+0/bin/win64/ext\php_zip.dll (The specified module could not be found), C:/Users/Abdul Rahman/AppData/Roaming/Local/lightning-services/php-8.1.23+0/bin/win64/ext\php_php_zip.dll.dll (The specified module could not be found)) in Unknown on line 0
[25-Nov-2023 21:33:09 UTC] PHP Warning:  PHP Startup: Unable to load dynamic library 'php_zip.dll' (tried: C:/Users/Abdul Rahman/AppData/Roaming/Local/lightning-services/php-8.1.23+0/bin/win64/ext\php_zip.dll (The specified module could not be found), C:/Users/Abdul Rahman/AppData/Roaming/Local/lightning-services/php-8.1.23+0/bin/win64/ext\php_php_zip.dll.dll (The specified module could not be found)) in Unknown on line 0
[25-Nov-2023 21:33:09 UTC] PHP Warning:  PHP Startup: Unable to load dynamic library 'php_zip.dll' (tried: C:/Users/Abdul Rahman/AppData/Roaming/Local/lightning-services/php-8.1.23+0/bin/win64/ext\php_zip.dll (The specified module could not be found), C:/Users/Abdul Rahman/AppData/Roaming/Local/lightning-services/php-8.1.23+0/bin/win64/ext\php_php_zip.dll.dll (The specified module could not be found)) in Unknown on line 0
[25-Nov-2023 21:33:09 UTC] PHP Warning:  PHP Startup: Unable to load dynamic library 'php_zip.dll' (tried: C:/Users/Abdul Rahman/AppData/Roaming/Local/lightning-services/php-8.1.23+0/bin/win64/ext\php_zip.dll (The specified module could not be found), C:/Users/Abdul Rahman/AppData/Roaming/Local/lightning-services/php-8.1.23+0/bin/win64/ext\php_php_zip.dll.dll (The specified module could not be found)) in Unknown on line 0
[25-Nov-2023 22:23:44 UTC] PHP Warning:  PHP Startup: Unable to load dynamic library 'php_zip.dll' (tried: C:/Users/Abdul Rahman/AppData/Roaming/Local/lightning-services/php-8.1.23+0/bin/win64/ext\php_zip.dll (The specified module could not be found), C:/Users/Abdul Rahman/AppData/Roaming/Local/lightning-services/php-8.1.23+0/bin/win64/ext\php_php_zip.dll.dll (The specified module could not be found)) in Unknown on line 0
[25-Nov-2023 22:23:44 UTC] PHP Warning:  PHP Startup: Unable to load dynamic library 'php_zip.dll' (tried: C:/Users/Abdul Rahman/AppData/Roaming/Local/lightning-services/php-8.1.23+0/bin/win64/ext\php_zip.dll (The specified module could not be found), C:/Users/Abdul Rahman/AppData/Roaming/Local/lightning-services/php-8.1.23+0/bin/win64/ext\php_php_zip.dll.dll (The specified module could not be found)) in Unknown on line 0
[25-Nov-2023 22:23:44 UTC] PHP Warning:  PHP Startup: Unable to load dynamic library 'php_zip.dll' (tried: C:/Users/Abdul Rahman/AppData/Roaming/Local/lightning-services/php-8.1.23+0/bin/win64/ext\php_zip.dll (The specified module could not be found), C:/Users/Abdul Rahman/AppData/Roaming/Local/lightning-services/php-8.1.23+0/bin/win64/ext\php_php_zip.dll.dll (The specified module could not be found)) in Unknown on line 0
[25-Nov-2023 22:23:44 UTC] PHP Warning:  PHP Startup: Unable to load dynamic library 'php_zip.dll' (tried: C:/Users/Abdul Rahman/AppData/Roaming/Local/lightning-services/php-8.1.23+0/bin/win64/ext\php_zip.dll (The specified module could not be found), C:/Users/Abdul Rahman/AppData/Roaming/Local/lightning-services/php-8.1.23+0/bin/win64/ext\php_php_zip.dll.dll (The specified module could not be found)) in Unknown on line 0
[25-Nov-2023 22:23:44 UTC] PHP Warning:  PHP Startup: Unable to load dynamic library 'php_zip.dll' (tried: C:/Users/Abdul Rahman/AppData/Roaming/Local/lightning-services/php-8.1.23+0/bin/win64/ext\php_zip.dll (The specified module could not be found), C:/Users/Abdul Rahman/AppData/Roaming/Local/lightning-services/php-8.1.23+0/bin/win64/ext\php_php_zip.dll.dll (The specified module could not be found)) in Unknown on line 0
[25-Nov-2023 22:23:44 UTC] PHP Warning:  PHP Startup: Unable to load dynamic library 'php_zip.dll' (tried: C:/Users/Abdul Rahman/AppData/Roaming/Local/lightning-services/php-8.1.23+0/bin/win64/ext\php_zip.dll (The specified module could not be found), C:/Users/Abdul Rahman/AppData/Roaming/Local/lightning-services/php-8.1.23+0/bin/win64/ext\php_php_zip.dll.dll (The specified module could not be found)) in Unknown on line 0
[25-Nov-2023 22:23:46 UTC] PHP Warning:  PHP Startup: Unable to load dynamic library 'php_zip.dll' (tried: C:/Users/Abdul Rahman/AppData/Roaming/Local/lightning-services/php-8.1.23+0/bin/win64/ext\php_zip.dll (The specified module could not be found), C:/Users/Abdul Rahman/AppData/Roaming/Local/lightning-services/php-8.1.23+0/bin/win64/ext\php_php_zip.dll.dll (The specified module could not be found)) in Unknown on line 0
[25-Nov-2023 22:23:47 UTC] PHP Warning:  PHP Startup: Unable to load dynamic library 'php_zip.dll' (tried: C:/Users/Abdul Rahman/AppData/Roaming/Local/lightning-services/php-8.1.23+0/bin/win64/ext\php_zip.dll (The specified module could not be found), C:/Users/Abdul Rahman/AppData/Roaming/Local/lightning-services/php-8.1.23+0/bin/win64/ext\php_php_zip.dll.dll (The specified module could not be found)) in Unknown on line 0
[25-Nov-2023 22:23:47 UTC] PHP Warning:  PHP Startup: Unable to load dynamic library 'php_zip.dll' (tried: C:/Users/Abdul Rahman/AppData/Roaming/Local/lightning-services/php-8.1.23+0/bin/win64/ext\php_zip.dll (The specified module could not be found), C:/Users/Abdul Rahman/AppData/Roaming/Local/lightning-services/php-8.1.23+0/bin/win64/ext\php_php_zip.dll.dll (The specified module could not be found)) in Unknown on line 0
[25-Nov-2023 22:23:47 UTC] PHP Warning:  PHP Startup: Unable to load dynamic library 'php_zip.dll' (tried: C:/Users/Abdul Rahman/AppData/Roaming/Local/lightning-services/php-8.1.23+0/bin/win64/ext\php_zip.dll (The specified module could not be found), C:/Users/Abdul Rahman/AppData/Roaming/Local/lightning-services/php-8.1.23+0/bin/win64/ext\php_php_zip.dll.dll (The specified module could not be found)) in Unknown on line 0
[25-Nov-2023 22:23:48 UTC] PHP Warning:  PHP Startup: Unable to load dynamic library 'php_zip.dll' (tried: C:/Users/Abdul Rahman/AppData/Roaming/Local/lightning-services/php-8.1.23+0/bin/win64/ext\php_zip.dll (The specified module could not be found), C:/Users/Abdul Rahman/AppData/Roaming/Local/lightning-services/php-8.1.23+0/bin/win64/ext\php_php_zip.dll.dll (The specified module could not be found)) in Unknown on line 0
[26-Nov-2023 01:30:26 UTC] PHP Warning:  PHP Startup: Unable to load dynamic library 'php_zip.dll' (tried: C:/Users/Abdul Rahman/AppData/Roaming/Local/lightning-services/php-8.1.23+0/bin/win64/ext\php_zip.dll (The specified module could not be found), C:/Users/Abdul Rahman/AppData/Roaming/Local/lightning-services/php-8.1.23+0/bin/win64/ext\php_php_zip.dll.dll (The specified module could not be found)) in Unknown on line 0
[26-Nov-2023 01:30:26 UTC] PHP Warning:  PHP Startup: Unable to load dynamic library 'php_zip.dll' (tried: C:/Users/Abdul Rahman/AppData/Roaming/Local/lightning-services/php-8.1.23+0/bin/win64/ext\php_zip.dll (The specified module could not be found), C:/Users/Abdul Rahman/AppData/Roaming/Local/lightning-services/php-8.1.23+0/bin/win64/ext\php_php_zip.dll.dll (The specified module could not be found)) in Unknown on line 0
[26-Nov-2023 01:30:26 UTC] PHP Warning:  PHP Startup: Unable to load dynamic library 'php_zip.dll' (tried: C:/Users/Abdul Rahman/AppData/Roaming/Local/lightning-services/php-8.1.23+0/bin/win64/ext\php_zip.dll (The specified module could not be found), C:/Users/Abdul Rahman/AppData/Roaming/Local/lightning-services/php-8.1.23+0/bin/win64/ext\php_php_zip.dll.dll (The specified module could not be found)) in Unknown on line 0
[26-Nov-2023 01:30:26 UTC] PHP Warning:  PHP Startup: Unable to load dynamic library 'php_zip.dll' (tried: C:/Users/Abdul Rahman/AppData/Roaming/Local/lightning-services/php-8.1.23+0/bin/win64/ext\php_zip.dll (The specified module could not be found), C:/Users/Abdul Rahman/AppData/Roaming/Local/lightning-services/php-8.1.23+0/bin/win64/ext\php_php_zip.dll.dll (The specified module could not be found)) in Unknown on line 0
[26-Nov-2023 01:30:27 UTC] PHP Warning:  PHP Startup: Unable to load dynamic library 'php_zip.dll' (tried: C:/Users/Abdul Rahman/AppData/Roaming/Local/lightning-services/php-8.1.23+0/bin/win64/ext\php_zip.dll (The specified module could not be found), C:/Users/Abdul Rahman/AppData/Roaming/Local/lightning-services/php-8.1.23+0/bin/win64/ext\php_php_zip.dll.dll (The specified module could not be found)) in Unknown on line 0
[26-Nov-2023 01:30:27 UTC] PHP Warning:  PHP Startup: Unable to load dynamic library 'php_zip.dll' (tried: C:/Users/Abdul Rahman/AppData/Roaming/Local/lightning-services/php-8.1.23+0/bin/win64/ext\php_zip.dll (The specified module could not be found), C:/Users/Abdul Rahman/AppData/Roaming/Local/lightning-services/php-8.1.23+0/bin/win64/ext\php_php_zip.dll.dll (The specified module could not be found)) in Unknown on line 0
[26-Nov-2023 01:30:29 UTC] PHP Warning:  PHP Startup: Unable to load dynamic library 'php_zip.dll' (tried: C:/Users/Abdul Rahman/AppData/Roaming/Local/lightning-services/php-8.1.23+0/bin/win64/ext\php_zip.dll (The specified module could not be found), C:/Users/Abdul Rahman/AppData/Roaming/Local/lightning-services/php-8.1.23+0/bin/win64/ext\php_php_zip.dll.dll (The specified module could not be found)) in Unknown on line 0
[26-Nov-2023 01:30:32 UTC] PHP Warning:  PHP Startup: Unable to load dynamic library 'php_zip.dll' (tried: C:/Users/Abdul Rahman/AppData/Roaming/Local/lightning-services/php-8.1.23+0/bin/win64/ext\php_zip.dll (The specified module could not be found), C:/Users/Abdul Rahman/AppData/Roaming/Local/lightning-services/php-8.1.23+0/bin/win64/ext\php_php_zip.dll.dll (The specified module could not be found)) in Unknown on line 0
[26-Nov-2023 01:30:33 UTC] PHP Warning:  PHP Startup: Unable to load dynamic library 'php_zip.dll' (tried: C:/Users/Abdul Rahman/AppData/Roaming/Local/lightning-services/php-8.1.23+0/bin/win64/ext\php_zip.dll (The specified module could not be found), C:/Users/Abdul Rahman/AppData/Roaming/Local/lightning-services/php-8.1.23+0/bin/win64/ext\php_php_zip.dll.dll (The specified module could not be found)) in Unknown on line 0
[26-Nov-2023 01:30:33 UTC] PHP Warning:  PHP Startup: Unable to load dynamic library 'php_zip.dll' (tried: C:/Users/Abdul Rahman/AppData/Roaming/Local/lightning-services/php-8.1.23+0/bin/win64/ext\php_zip.dll (The specified module could not be found), C:/Users/Abdul Rahman/AppData/Roaming/Local/lightning-services/php-8.1.23+0/bin/win64/ext\php_php_zip.dll.dll (The specified module could not be found)) in Unknown on line 0
[26-Nov-2023 01:30:33 UTC] PHP Warning:  PHP Startup: Unable to load dynamic library 'php_zip.dll' (tried: C:/Users/Abdul Rahman/AppData/Roaming/Local/lightning-services/php-8.1.23+0/bin/win64/ext\php_zip.dll (The specified module could not be found), C:/Users/Abdul Rahman/AppData/Roaming/Local/lightning-services/php-8.1.23+0/bin/win64/ext\php_php_zip.dll.dll (The specified module could not be found)) in Unknown on line 0
[26-Nov-2023 01:30:36 UTC] Cron reschedule event error for hook: wp_privacy_delete_old_export_files, Error code: could_not_set, Error message: The cron event list could not be saved., Data: {"schedule":"hourly","args":[],"interval":3600}
[26-Nov-2023 01:31:27 UTC] PHP Warning:  Undefined variable $content in C:\Users\Abdul Rahman\Local Sites\LGL-Website\app\public\wp-content\themes\lgl-theme\single-product.php on line 10
[26-Nov-2023 01:31:27 UTC] PHP Warning:  Undefined variable $content in C:\Users\Abdul Rahman\Local Sites\LGL-Website\app\public\wp-content\themes\lgl-theme\single-product.php on line 17
[26-Nov-2023 01:44:25 UTC] PHP Warning:  Undefined variable $content in C:\Users\Abdul Rahman\Local Sites\LGL-Website\app\public\wp-content\themes\lgl-theme\single-product.php on line 10
[26-Nov-2023 01:44:25 UTC] PHP Warning:  Undefined variable $content in C:\Users\Abdul Rahman\Local Sites\LGL-Website\app\public\wp-content\themes\lgl-theme\single-product.php on line 17
[26-Nov-2023 01:59:49 UTC] PHP Parse error:  Unmatched '}' in C:\Users\Abdul Rahman\Local Sites\LGL-Website\app\public\wp-content\themes\lgl-theme\single-product.php on line 79
[26-Nov-2023 02:10:29 UTC] PHP Warning:  Undefined variable $odd in C:\Users\Abdul Rahman\Local Sites\LGL-Website\app\public\wp-content\themes\lgl-theme\single-product.php on line 58
[26-Nov-2023 02:10:29 UTC] PHP Warning:  Undefined variable $even in C:\Users\Abdul Rahman\Local Sites\LGL-Website\app\public\wp-content\themes\lgl-theme\single-product.php on line 58
[26-Nov-2023 02:10:29 UTC] PHP Warning:  Undefined variable $odd in C:\Users\Abdul Rahman\Local Sites\LGL-Website\app\public\wp-content\themes\lgl-theme\single-product.php on line 58
[26-Nov-2023 02:10:29 UTC] PHP Warning:  Undefined variable $even in C:\Users\Abdul Rahman\Local Sites\LGL-Website\app\public\wp-content\themes\lgl-theme\single-product.php on line 58
[26-Nov-2023 02:10:29 UTC] PHP Warning:  Undefined variable $odd in C:\Users\Abdul Rahman\Local Sites\LGL-Website\app\public\wp-content\themes\lgl-theme\single-product.php on line 58
[26-Nov-2023 02:50:16 UTC] PHP Warning:  PHP Startup: Unable to load dynamic library 'php_zip.dll' (tried: C:/Users/Abdul Rahman/AppData/Roaming/Local/lightning-services/php-8.1.23+0/bin/win64/ext\php_zip.dll (The specified module could not be found), C:/Users/Abdul Rahman/AppData/Roaming/Local/lightning-services/php-8.1.23+0/bin/win64/ext\php_php_zip.dll.dll (The specified module could not be found)) in Unknown on line 0
[26-Nov-2023 02:50:16 UTC] PHP Warning:  PHP Startup: Unable to load dynamic library 'php_zip.dll' (tried: C:/Users/Abdul Rahman/AppData/Roaming/Local/lightning-services/php-8.1.23+0/bin/win64/ext\php_zip.dll (The specified module could not be found), C:/Users/Abdul Rahman/AppData/Roaming/Local/lightning-services/php-8.1.23+0/bin/win64/ext\php_php_zip.dll.dll (The specified module could not be found)) in Unknown on line 0
[26-Nov-2023 02:50:16 UTC] PHP Warning:  PHP Startup: Unable to load dynamic library 'php_zip.dll' (tried: C:/Users/Abdul Rahman/AppData/Roaming/Local/lightning-services/php-8.1.23+0/bin/win64/ext\php_zip.dll (The specified module could not be found), C:/Users/Abdul Rahman/AppData/Roaming/Local/lightning-services/php-8.1.23+0/bin/win64/ext\php_php_zip.dll.dll (The specified module could not be found)) in Unknown on line 0
[26-Nov-2023 02:50:16 UTC] PHP Warning:  PHP Startup: Unable to load dynamic library 'php_zip.dll' (tried: C:/Users/Abdul Rahman/AppData/Roaming/Local/lightning-services/php-8.1.23+0/bin/win64/ext\php_zip.dll (The specified module could not be found), C:/Users/Abdul Rahman/AppData/Roaming/Local/lightning-services/php-8.1.23+0/bin/win64/ext\php_php_zip.dll.dll (The specified module could not be found)) in Unknown on line 0
[26-Nov-2023 02:50:16 UTC] PHP Warning:  PHP Startup: Unable to load dynamic library 'php_zip.dll' (tried: C:/Users/Abdul Rahman/AppData/Roaming/Local/lightning-services/php-8.1.23+0/bin/win64/ext\php_zip.dll (The specified module could not be found), C:/Users/Abdul Rahman/AppData/Roaming/Local/lightning-services/php-8.1.23+0/bin/win64/ext\php_php_zip.dll.dll (The specified module could not be found)) in Unknown on line 0
[26-Nov-2023 02:50:16 UTC] PHP Warning:  PHP Startup: Unable to load dynamic library 'php_zip.dll' (tried: C:/Users/Abdul Rahman/AppData/Roaming/Local/lightning-services/php-8.1.23+0/bin/win64/ext\php_zip.dll (The specified module could not be found), C:/Users/Abdul Rahman/AppData/Roaming/Local/lightning-services/php-8.1.23+0/bin/win64/ext\php_php_zip.dll.dll (The specified module could not be found)) in Unknown on line 0
[26-Nov-2023 02:50:17 UTC] PHP Warning:  PHP Startup: Unable to load dynamic library 'php_zip.dll' (tried: C:/Users/Abdul Rahman/AppData/Roaming/Local/lightning-services/php-8.1.23+0/bin/win64/ext\php_zip.dll (The specified module could not be found), C:/Users/Abdul Rahman/AppData/Roaming/Local/lightning-services/php-8.1.23+0/bin/win64/ext\php_php_zip.dll.dll (The specified module could not be found)) in Unknown on line 0
[26-Nov-2023 02:50:25 UTC] PHP Warning:  PHP Startup: Unable to load dynamic library 'php_zip.dll' (tried: C:/Users/Abdul Rahman/AppData/Roaming/Local/lightning-services/php-8.1.23+0/bin/win64/ext\php_zip.dll (The specified module could not be found), C:/Users/Abdul Rahman/AppData/Roaming/Local/lightning-services/php-8.1.23+0/bin/win64/ext\php_php_zip.dll.dll (The specified module could not be found)) in Unknown on line 0
[26-Nov-2023 02:50:25 UTC] PHP Warning:  PHP Startup: Unable to load dynamic library 'php_zip.dll' (tried: C:/Users/Abdul Rahman/AppData/Roaming/Local/lightning-services/php-8.1.23+0/bin/win64/ext\php_zip.dll (The specified module could not be found), C:/Users/Abdul Rahman/AppData/Roaming/Local/lightning-services/php-8.1.23+0/bin/win64/ext\php_php_zip.dll.dll (The specified module could not be found)) in Unknown on line 0
[26-Nov-2023 02:50:25 UTC] PHP Warning:  PHP Startup: Unable to load dynamic library 'php_zip.dll' (tried: C:/Users/Abdul Rahman/AppData/Roaming/Local/lightning-services/php-8.1.23+0/bin/win64/ext\php_zip.dll (The specified module could not be found), C:/Users/Abdul Rahman/AppData/Roaming/Local/lightning-services/php-8.1.23+0/bin/win64/ext\php_php_zip.dll.dll (The specified module could not be found)) in Unknown on line 0
[26-Nov-2023 02:50:25 UTC] PHP Warning:  PHP Startup: Unable to load dynamic library 'php_zip.dll' (tried: C:/Users/Abdul Rahman/AppData/Roaming/Local/lightning-services/php-8.1.23+0/bin/win64/ext\php_zip.dll (The specified module could not be found), C:/Users/Abdul Rahman/AppData/Roaming/Local/lightning-services/php-8.1.23+0/bin/win64/ext\php_php_zip.dll.dll (The specified module could not be found)) in Unknown on line 0
[26-Nov-2023 02:56:51 UTC] PHP Parse error:  syntax error, unexpected token "endwhile", expecting end of file in C:\Users\Abdul Rahman\Local Sites\LGL-Website\app\public\wp-content\themes\lgl-theme\index.php on line 38
[26-Nov-2023 03:07:52 UTC] PHP Parse error:  Unclosed '(' on line 86 in C:\Users\Abdul Rahman\Local Sites\LGL-Website\app\public\wp-content\themes\lgl-theme\functions.php on line 87
[26-Nov-2023 03:07:53 UTC] PHP Warning:  Trying to access array offset on value of type bool in C:\Users\Abdul Rahman\Local Sites\LGL-Website\app\public\wp-includes\class-wp-recovery-mode-email-service.php on line 367
[26-Nov-2023 03:07:53 UTC] PHP Warning:  Trying to access array offset on value of type bool in C:\Users\Abdul Rahman\Local Sites\LGL-Website\app\public\wp-includes\class-wp-recovery-mode-email-service.php on line 368
[26-Nov-2023 03:29:31 UTC] PHP Warning:  Undefined variable $images in C:\Users\Abdul Rahman\Local Sites\LGL-Website\app\public\wp-content\themes\lgl-theme\index.php on line 39
[26-Nov-2023 03:29:31 UTC] PHP Fatal error:  Uncaught Error: Call to a member function item() on null in C:\Users\Abdul Rahman\Local Sites\LGL-Website\app\public\wp-content\themes\lgl-theme\index.php:39
Stack trace:
#0 C:\Users\Abdul Rahman\Local Sites\LGL-Website\app\public\wp-includes\template-loader.php(106): include()
#1 C:\Users\Abdul Rahman\Local Sites\LGL-Website\app\public\wp-blog-header.php(19): require_once('C:\\Users\\Abdul ...')
#2 C:\Users\Abdul Rahman\Local Sites\LGL-Website\app\public\index.php(17): require('C:\\Users\\Abdul ...')
#3 {main}
  thrown in C:\Users\Abdul Rahman\Local Sites\LGL-Website\app\public\wp-content\themes\lgl-theme\index.php on line 39
[26-Nov-2023 05:22:29 UTC] PHP Parse error:  syntax error, unexpected token "foreach", expecting "," or ";" in C:\Users\Abdul Rahman\Local Sites\LGL-Website\app\public\wp-content\themes\lgl-theme\index.php on line 12
[26-Nov-2023 05:31:16 UTC] PHP Fatal error:  Uncaught TypeError: call_user_func_array(): Argument #1 ($callback) must be a valid callback, function "filter_posts" not found or invalid function name in C:\Users\Abdul Rahman\Local Sites\LGL-Website\app\public\wp-includes\class-wp-hook.php:324
Stack trace:
#0 C:\Users\Abdul Rahman\Local Sites\LGL-Website\app\public\wp-includes\class-wp-hook.php(348): WP_Hook->apply_filters('', Array)
#1 C:\Users\Abdul Rahman\Local Sites\LGL-Website\app\public\wp-includes\plugin.php(517): WP_Hook->do_action(Array)
#2 C:\Users\Abdul Rahman\Local Sites\LGL-Website\app\public\wp-admin\admin-ajax.php(188): do_action('wp_ajax_filter_...')
#3 {main}
  thrown in C:\Users\Abdul Rahman\Local Sites\LGL-Website\app\public\wp-includes\class-wp-hook.php on line 324
[26-Nov-2023 05:31:17 UTC] PHP Fatal error:  Uncaught TypeError: call_user_func_array(): Argument #1 ($callback) must be a valid callback, function "filter_posts" not found or invalid function name in C:\Users\Abdul Rahman\Local Sites\LGL-Website\app\public\wp-includes\class-wp-hook.php:324
Stack trace:
#0 C:\Users\Abdul Rahman\Local Sites\LGL-Website\app\public\wp-includes\class-wp-hook.php(348): WP_Hook->apply_filters('', Array)
#1 C:\Users\Abdul Rahman\Local Sites\LGL-Website\app\public\wp-includes\plugin.php(517): WP_Hook->do_action(Array)
#2 C:\Users\Abdul Rahman\Local Sites\LGL-Website\app\public\wp-admin\admin-ajax.php(188): do_action('wp_ajax_filter_...')
#3 {main}
  thrown in C:\Users\Abdul Rahman\Local Sites\LGL-Website\app\public\wp-includes\class-wp-hook.php on line 324
[26-Nov-2023 05:31:17 UTC] PHP Fatal error:  Uncaught TypeError: call_user_func_array(): Argument #1 ($callback) must be a valid callback, function "filter_posts" not found or invalid function name in C:\Users\Abdul Rahman\Local Sites\LGL-Website\app\public\wp-includes\class-wp-hook.php:324
Stack trace:
#0 C:\Users\Abdul Rahman\Local Sites\LGL-Website\app\public\wp-includes\class-wp-hook.php(348): WP_Hook->apply_filters('', Array)
#1 C:\Users\Abdul Rahman\Local Sites\LGL-Website\app\public\wp-includes\plugin.php(517): WP_Hook->do_action(Array)
#2 C:\Users\Abdul Rahman\Local Sites\LGL-Website\app\public\wp-admin\admin-ajax.php(188): do_action('wp_ajax_filter_...')
#3 {main}
  thrown in C:\Users\Abdul Rahman\Local Sites\LGL-Website\app\public\wp-includes\class-wp-hook.php on line 324
[26-Nov-2023 06:25:23 UTC] PHP Warning:  Undefined variable $permalink in C:\Users\Abdul Rahman\Local Sites\LGL-Website\app\public\wp-content\themes\lgl-theme\functions.php on line 117
[26-Nov-2023 06:25:23 UTC] PHP Warning:  Undefined variable $permalink in C:\Users\Abdul Rahman\Local Sites\LGL-Website\app\public\wp-content\themes\lgl-theme\functions.php on line 117
[26-Nov-2023 06:25:23 UTC] PHP Warning:  Undefined variable $permalink in C:\Users\Abdul Rahman\Local Sites\LGL-Website\app\public\wp-content\themes\lgl-theme\functions.php on line 117
[26-Nov-2023 06:25:23 UTC] PHP Warning:  Undefined variable $permalink in C:\Users\Abdul Rahman\Local Sites\LGL-Website\app\public\wp-content\themes\lgl-theme\functions.php on line 117
[26-Nov-2023 06:25:23 UTC] PHP Warning:  Undefined variable $permalink in C:\Users\Abdul Rahman\Local Sites\LGL-Website\app\public\wp-content\themes\lgl-theme\functions.php on line 117
[26-Nov-2023 06:25:23 UTC] PHP Warning:  Undefined variable $permalink in C:\Users\Abdul Rahman\Local Sites\LGL-Website\app\public\wp-content\themes\lgl-theme\functions.php on line 155
[26-Nov-2023 06:25:23 UTC] PHP Warning:  Undefined variable $permalink in C:\Users\Abdul Rahman\Local Sites\LGL-Website\app\public\wp-content\themes\lgl-theme\functions.php on line 155
[26-Nov-2023 06:25:29 UTC] PHP Warning:  Undefined variable $permalink in C:\Users\Abdul Rahman\Local Sites\LGL-Website\app\public\wp-content\themes\lgl-theme\functions.php on line 117
[26-Nov-2023 06:25:29 UTC] PHP Warning:  Undefined variable $permalink in C:\Users\Abdul Rahman\Local Sites\LGL-Website\app\public\wp-content\themes\lgl-theme\functions.php on line 117
[26-Nov-2023 06:25:29 UTC] PHP Warning:  Undefined variable $permalink in C:\Users\Abdul Rahman\Local Sites\LGL-Website\app\public\wp-content\themes\lgl-theme\functions.php on line 117
[26-Nov-2023 06:25:29 UTC] PHP Warning:  Undefined variable $permalink in C:\Users\Abdul Rahman\Local Sites\LGL-Website\app\public\wp-content\themes\lgl-theme\functions.php on line 117
[26-Nov-2023 06:25:29 UTC] PHP Warning:  Undefined variable $permalink in C:\Users\Abdul Rahman\Local Sites\LGL-Website\app\public\wp-content\themes\lgl-theme\functions.php on line 117
[26-Nov-2023 06:25:29 UTC] PHP Warning:  Undefined variable $permalink in C:\Users\Abdul Rahman\Local Sites\LGL-Website\app\public\wp-content\themes\lgl-theme\functions.php on line 155
[26-Nov-2023 06:25:29 UTC] PHP Warning:  Undefined variable $permalink in C:\Users\Abdul Rahman\Local Sites\LGL-Website\app\public\wp-content\themes\lgl-theme\functions.php on line 155
[26-Nov-2023 06:25:29 UTC] PHP Warning:  Undefined variable $permalink in C:\Users\Abdul Rahman\Local Sites\LGL-Website\app\public\wp-content\themes\lgl-theme\functions.php on line 155
[26-Nov-2023 06:26:49 UTC] PHP Warning:  Undefined variable $tags_filter in C:\Users\Abdul Rahman\Local Sites\LGL-Website\app\public\wp-content\themes\lgl-theme\index.php on line 59
[26-Nov-2023 06:26:59 UTC] PHP Warning:  Undefined variable $tags_filter in C:\Users\Abdul Rahman\Local Sites\LGL-Website\app\public\wp-content\themes\lgl-theme\index.php on line 59
[26-Nov-2023 06:27:23 UTC] PHP Warning:  Undefined variable $tags_filter in C:\Users\Abdul Rahman\Local Sites\LGL-Website\app\public\wp-content\themes\lgl-theme\index.php on line 60
[26-Nov-2023 06:27:23 UTC] PHP Warning:  Undefined variable $tags_filter in C:\Users\Abdul Rahman\Local Sites\LGL-Website\app\public\wp-content\themes\lgl-theme\index.php on line 60
[26-Nov-2023 06:27:24 UTC] PHP Warning:  Undefined variable $tags_filter in C:\Users\Abdul Rahman\Local Sites\LGL-Website\app\public\wp-content\themes\lgl-theme\index.php on line 60
[26-Nov-2023 06:28:09 UTC] PHP Warning:  Undefined variable $permalink in C:\Users\Abdul Rahman\Local Sites\LGL-Website\app\public\wp-content\themes\lgl-theme\functions.php on line 117
[26-Nov-2023 06:28:09 UTC] PHP Warning:  Undefined variable $permalink in C:\Users\Abdul Rahman\Local Sites\LGL-Website\app\public\wp-content\themes\lgl-theme\functions.php on line 117
[26-Nov-2023 06:28:09 UTC] PHP Warning:  Undefined variable $permalink in C:\Users\Abdul Rahman\Local Sites\LGL-Website\app\public\wp-content\themes\lgl-theme\functions.php on line 117
[26-Nov-2023 06:28:09 UTC] PHP Warning:  Undefined variable $permalink in C:\Users\Abdul Rahman\Local Sites\LGL-Website\app\public\wp-content\themes\lgl-theme\functions.php on line 117
[26-Nov-2023 06:28:09 UTC] PHP Warning:  Undefined variable $permalink in C:\Users\Abdul Rahman\Local Sites\LGL-Website\app\public\wp-content\themes\lgl-theme\functions.php on line 117
[26-Nov-2023 06:28:09 UTC] PHP Warning:  Undefined variable $permalink in C:\Users\Abdul Rahman\Local Sites\LGL-Website\app\public\wp-content\themes\lgl-theme\functions.php on line 155
[26-Nov-2023 06:28:09 UTC] PHP Warning:  Undefined variable $permalink in C:\Users\Abdul Rahman\Local Sites\LGL-Website\app\public\wp-content\themes\lgl-theme\functions.php on line 155
[26-Nov-2023 06:29:48 UTC] PHP Warning:  PHP Startup: Unable to load dynamic library 'php_zip.dll' (tried: C:/Users/Abdul Rahman/AppData/Roaming/Local/lightning-services/php-8.1.23+0/bin/win64/ext\php_zip.dll (The specified module could not be found), C:/Users/Abdul Rahman/AppData/Roaming/Local/lightning-services/php-8.1.23+0/bin/win64/ext\php_php_zip.dll.dll (The specified module could not be found)) in Unknown on line 0
[26-Nov-2023 06:29:48 UTC] PHP Warning:  PHP Startup: Unable to load dynamic library 'php_zip.dll' (tried: C:/Users/Abdul Rahman/AppData/Roaming/Local/lightning-services/php-8.1.23+0/bin/win64/ext\php_zip.dll (The specified module could not be found), C:/Users/Abdul Rahman/AppData/Roaming/Local/lightning-services/php-8.1.23+0/bin/win64/ext\php_php_zip.dll.dll (The specified module could not be found)) in Unknown on line 0
[26-Nov-2023 06:33:40 UTC] PHP Warning:  Undefined variable $permalink in C:\Users\Abdul Rahman\Local Sites\LGL-Website\app\public\wp-content\themes\lgl-theme\functions.php on line 117
[26-Nov-2023 06:33:40 UTC] PHP Warning:  Undefined variable $permalink in C:\Users\Abdul Rahman\Local Sites\LGL-Website\app\public\wp-content\themes\lgl-theme\functions.php on line 117
[26-Nov-2023 06:33:40 UTC] PHP Warning:  Undefined variable $permalink in C:\Users\Abdul Rahman\Local Sites\LGL-Website\app\public\wp-content\themes\lgl-theme\functions.php on line 117
[26-Nov-2023 06:33:40 UTC] PHP Warning:  Undefined variable $permalink in C:\Users\Abdul Rahman\Local Sites\LGL-Website\app\public\wp-content\themes\lgl-theme\functions.php on line 117
[26-Nov-2023 06:33:40 UTC] PHP Warning:  Undefined variable $permalink in C:\Users\Abdul Rahman\Local Sites\LGL-Website\app\public\wp-content\themes\lgl-theme\functions.php on line 117
[26-Nov-2023 06:33:40 UTC] PHP Warning:  Undefined variable $permalink in C:\Users\Abdul Rahman\Local Sites\LGL-Website\app\public\wp-content\themes\lgl-theme\functions.php on line 155
[26-Nov-2023 06:33:40 UTC] PHP Warning:  Undefined variable $permalink in C:\Users\Abdul Rahman\Local Sites\LGL-Website\app\public\wp-content\themes\lgl-theme\functions.php on line 155
[26-Nov-2023 06:33:45 UTC] PHP Warning:  Undefined variable $permalink in C:\Users\Abdul Rahman\Local Sites\LGL-Website\app\public\wp-content\themes\lgl-theme\functions.php on line 117
[26-Nov-2023 06:33:45 UTC] PHP Warning:  Undefined variable $permalink in C:\Users\Abdul Rahman\Local Sites\LGL-Website\app\public\wp-content\themes\lgl-theme\functions.php on line 117
[26-Nov-2023 06:33:45 UTC] PHP Warning:  Undefined variable $permalink in C:\Users\Abdul Rahman\Local Sites\LGL-Website\app\public\wp-content\themes\lgl-theme\functions.php on line 117
[26-Nov-2023 06:33:45 UTC] PHP Warning:  Undefined variable $permalink in C:\Users\Abdul Rahman\Local Sites\LGL-Website\app\public\wp-content\themes\lgl-theme\functions.php on line 117
[26-Nov-2023 06:33:45 UTC] PHP Warning:  Undefined variable $permalink in C:\Users\Abdul Rahman\Local Sites\LGL-Website\app\public\wp-content\themes\lgl-theme\functions.php on line 117
[26-Nov-2023 06:33:45 UTC] PHP Warning:  Undefined variable $permalink in C:\Users\Abdul Rahman\Local Sites\LGL-Website\app\public\wp-content\themes\lgl-theme\functions.php on line 155
[26-Nov-2023 06:33:45 UTC] PHP Warning:  Undefined variable $permalink in C:\Users\Abdul Rahman\Local Sites\LGL-Website\app\public\wp-content\themes\lgl-theme\functions.php on line 155
[26-Nov-2023 06:33:45 UTC] PHP Warning:  Undefined variable $permalink in C:\Users\Abdul Rahman\Local Sites\LGL-Website\app\public\wp-content\themes\lgl-theme\functions.php on line 155
[26-Nov-2023 06:33:49 UTC] PHP Warning:  Undefined variable $permalink in C:\Users\Abdul Rahman\Local Sites\LGL-Website\app\public\wp-content\themes\lgl-theme\functions.php on line 117
[26-Nov-2023 06:33:49 UTC] PHP Warning:  Undefined variable $permalink in C:\Users\Abdul Rahman\Local Sites\LGL-Website\app\public\wp-content\themes\lgl-theme\functions.php on line 117
[26-Nov-2023 06:33:49 UTC] PHP Warning:  Undefined variable $permalink in C:\Users\Abdul Rahman\Local Sites\LGL-Website\app\public\wp-content\themes\lgl-theme\functions.php on line 117
[26-Nov-2023 06:33:49 UTC] PHP Warning:  Undefined variable $permalink in C:\Users\Abdul Rahman\Local Sites\LGL-Website\app\public\wp-content\themes\lgl-theme\functions.php on line 117
[26-Nov-2023 06:33:49 UTC] PHP Warning:  Undefined variable $permalink in C:\Users\Abdul Rahman\Local Sites\LGL-Website\app\public\wp-content\themes\lgl-theme\functions.php on line 117
[26-Nov-2023 06:33:49 UTC] PHP Warning:  Undefined variable $permalink in C:\Users\Abdul Rahman\Local Sites\LGL-Website\app\public\wp-content\themes\lgl-theme\functions.php on line 155
[26-Nov-2023 06:33:49 UTC] PHP Warning:  Undefined variable $permalink in C:\Users\Abdul Rahman\Local Sites\LGL-Website\app\public\wp-content\themes\lgl-theme\functions.php on line 155
[26-Nov-2023 06:33:55 UTC] PHP Warning:  Undefined variable $permalink in C:\Users\Abdul Rahman\Local Sites\LGL-Website\app\public\wp-content\themes\lgl-theme\functions.php on line 117
[26-Nov-2023 06:33:55 UTC] PHP Warning:  Undefined variable $permalink in C:\Users\Abdul Rahman\Local Sites\LGL-Website\app\public\wp-content\themes\lgl-theme\functions.php on line 117
[26-Nov-2023 06:33:55 UTC] PHP Warning:  Undefined variable $permalink in C:\Users\Abdul Rahman\Local Sites\LGL-Website\app\public\wp-content\themes\lgl-theme\functions.php on line 117
[26-Nov-2023 06:33:55 UTC] PHP Warning:  Undefined variable $permalink in C:\Users\Abdul Rahman\Local Sites\LGL-Website\app\public\wp-content\themes\lgl-theme\functions.php on line 117
[26-Nov-2023 06:33:55 UTC] PHP Warning:  Undefined variable $permalink in C:\Users\Abdul Rahman\Local Sites\LGL-Website\app\public\wp-content\themes\lgl-theme\functions.php on line 117
[26-Nov-2023 06:33:55 UTC] PHP Warning:  Undefined variable $permalink in C:\Users\Abdul Rahman\Local Sites\LGL-Website\app\public\wp-content\themes\lgl-theme\functions.php on line 155
[26-Nov-2023 06:33:55 UTC] PHP Warning:  Undefined variable $permalink in C:\Users\Abdul Rahman\Local Sites\LGL-Website\app\public\wp-content\themes\lgl-theme\functions.php on line 155
[26-Nov-2023 06:33:55 UTC] PHP Warning:  Undefined variable $permalink in C:\Users\Abdul Rahman\Local Sites\LGL-Website\app\public\wp-content\themes\lgl-theme\functions.php on line 155
[26-Nov-2023 06:33:58 UTC] PHP Warning:  Undefined variable $permalink in C:\Users\Abdul Rahman\Local Sites\LGL-Website\app\public\wp-content\themes\lgl-theme\functions.php on line 117
[26-Nov-2023 06:33:58 UTC] PHP Warning:  Undefined variable $permalink in C:\Users\Abdul Rahman\Local Sites\LGL-Website\app\public\wp-content\themes\lgl-theme\functions.php on line 117
[26-Nov-2023 06:33:58 UTC] PHP Warning:  Undefined variable $permalink in C:\Users\Abdul Rahman\Local Sites\LGL-Website\app\public\wp-content\themes\lgl-theme\functions.php on line 117
[26-Nov-2023 06:33:58 UTC] PHP Warning:  Undefined variable $permalink in C:\Users\Abdul Rahman\Local Sites\LGL-Website\app\public\wp-content\themes\lgl-theme\functions.php on line 117
[26-Nov-2023 06:33:58 UTC] PHP Warning:  Undefined variable $permalink in C:\Users\Abdul Rahman\Local Sites\LGL-Website\app\public\wp-content\themes\lgl-theme\functions.php on line 117
[26-Nov-2023 06:33:58 UTC] PHP Warning:  Undefined variable $permalink in C:\Users\Abdul Rahman\Local Sites\LGL-Website\app\public\wp-content\themes\lgl-theme\functions.php on line 155
[26-Nov-2023 06:33:58 UTC] PHP Warning:  Undefined variable $permalink in C:\Users\Abdul Rahman\Local Sites\LGL-Website\app\public\wp-content\themes\lgl-theme\functions.php on line 155
[26-Nov-2023 06:36:50 UTC] PHP Warning:  Undefined variable $permalink in C:\Users\Abdul Rahman\Local Sites\LGL-Website\app\public\wp-content\themes\lgl-theme\functions.php on line 117
[26-Nov-2023 06:36:50 UTC] PHP Warning:  Undefined variable $permalink in C:\Users\Abdul Rahman\Local Sites\LGL-Website\app\public\wp-content\themes\lgl-theme\functions.php on line 117
[26-Nov-2023 06:36:50 UTC] PHP Warning:  Undefined variable $permalink in C:\Users\Abdul Rahman\Local Sites\LGL-Website\app\public\wp-content\themes\lgl-theme\functions.php on line 117
[26-Nov-2023 06:36:50 UTC] PHP Warning:  Undefined variable $permalink in C:\Users\Abdul Rahman\Local Sites\LGL-Website\app\public\wp-content\themes\lgl-theme\functions.php on line 117
[26-Nov-2023 06:36:50 UTC] PHP Warning:  Undefined variable $permalink in C:\Users\Abdul Rahman\Local Sites\LGL-Website\app\public\wp-content\themes\lgl-theme\functions.php on line 117
[26-Nov-2023 06:39:05 UTC] PHP Warning:  PHP Startup: Unable to load dynamic library 'php_zip.dll' (tried: C:/Users/Abdul Rahman/AppData/Roaming/Local/lightning-services/php-8.1.23+0/bin/win64/ext\php_zip.dll (The specified module could not be found), C:/Users/Abdul Rahman/AppData/Roaming/Local/lightning-services/php-8.1.23+0/bin/win64/ext\php_php_zip.dll.dll (The specified module could not be found)) in Unknown on line 0
[26-Nov-2023 06:39:05 UTC] PHP Warning:  PHP Startup: Unable to load dynamic library 'php_zip.dll' (tried: C:/Users/Abdul Rahman/AppData/Roaming/Local/lightning-services/php-8.1.23+0/bin/win64/ext\php_zip.dll (The specified module could not be found), C:/Users/Abdul Rahman/AppData/Roaming/Local/lightning-services/php-8.1.23+0/bin/win64/ext\php_php_zip.dll.dll (The specified module could not be found)) in Unknown on line 0
[26-Nov-2023 06:39:05 UTC] PHP Warning:  PHP Startup: Unable to load dynamic library 'php_zip.dll' (tried: C:/Users/Abdul Rahman/AppData/Roaming/Local/lightning-services/php-8.1.23+0/bin/win64/ext\php_zip.dll (The specified module could not be found), C:/Users/Abdul Rahman/AppData/Roaming/Local/lightning-services/php-8.1.23+0/bin/win64/ext\php_php_zip.dll.dll (The specified module could not be found)) in Unknown on line 0
[26-Nov-2023 06:39:05 UTC] PHP Warning:  PHP Startup: Unable to load dynamic library 'php_zip.dll' (tried: C:/Users/Abdul Rahman/AppData/Roaming/Local/lightning-services/php-8.1.23+0/bin/win64/ext\php_zip.dll (The specified module could not be found), C:/Users/Abdul Rahman/AppData/Roaming/Local/lightning-services/php-8.1.23+0/bin/win64/ext\php_php_zip.dll.dll (The specified module could not be found)) in Unknown on line 0
[26-Nov-2023 06:39:06 UTC] PHP Warning:  PHP Startup: Unable to load dynamic library 'php_zip.dll' (tried: C:/Users/Abdul Rahman/AppData/Roaming/Local/lightning-services/php-8.1.23+0/bin/win64/ext\php_zip.dll (The specified module could not be found), C:/Users/Abdul Rahman/AppData/Roaming/Local/lightning-services/php-8.1.23+0/bin/win64/ext\php_php_zip.dll.dll (The specified module could not be found)) in Unknown on line 0
[26-Nov-2023 06:39:06 UTC] PHP Warning:  PHP Startup: Unable to load dynamic library 'php_zip.dll' (tried: C:/Users/Abdul Rahman/AppData/Roaming/Local/lightning-services/php-8.1.23+0/bin/win64/ext\php_zip.dll (The specified module could not be found), C:/Users/Abdul Rahman/AppData/Roaming/Local/lightning-services/php-8.1.23+0/bin/win64/ext\php_php_zip.dll.dll (The specified module could not be found)) in Unknown on line 0
[26-Nov-2023 06:39:07 UTC] PHP Warning:  PHP Startup: Unable to load dynamic library 'php_zip.dll' (tried: C:/Users/Abdul Rahman/AppData/Roaming/Local/lightning-services/php-8.1.23+0/bin/win64/ext\php_zip.dll (The specified module could not be found), C:/Users/Abdul Rahman/AppData/Roaming/Local/lightning-services/php-8.1.23+0/bin/win64/ext\php_php_zip.dll.dll (The specified module could not be found)) in Unknown on line 0
[26-Nov-2023 06:39:08 UTC] PHP Warning:  PHP Startup: Unable to load dynamic library 'php_zip.dll' (tried: C:/Users/Abdul Rahman/AppData/Roaming/Local/lightning-services/php-8.1.23+0/bin/win64/ext\php_zip.dll (The specified module could not be found), C:/Users/Abdul Rahman/AppData/Roaming/Local/lightning-services/php-8.1.23+0/bin/win64/ext\php_php_zip.dll.dll (The specified module could not be found)) in Unknown on line 0
[26-Nov-2023 06:39:08 UTC] PHP Warning:  PHP Startup: Unable to load dynamic library 'php_zip.dll' (tried: C:/Users/Abdul Rahman/AppData/Roaming/Local/lightning-services/php-8.1.23+0/bin/win64/ext\php_zip.dll (The specified module could not be found), C:/Users/Abdul Rahman/AppData/Roaming/Local/lightning-services/php-8.1.23+0/bin/win64/ext\php_php_zip.dll.dll (The specified module could not be found)) in Unknown on line 0
[26-Nov-2023 06:39:08 UTC] PHP Warning:  PHP Startup: Unable to load dynamic library 'php_zip.dll' (tried: C:/Users/Abdul Rahman/AppData/Roaming/Local/lightning-services/php-8.1.23+0/bin/win64/ext\php_zip.dll (The specified module could not be found), C:/Users/Abdul Rahman/AppData/Roaming/Local/lightning-services/php-8.1.23+0/bin/win64/ext\php_php_zip.dll.dll (The specified module could not be found)) in Unknown on line 0
[26-Nov-2023 06:39:08 UTC] PHP Warning:  PHP Startup: Unable to load dynamic library 'php_zip.dll' (tried: C:/Users/Abdul Rahman/AppData/Roaming/Local/lightning-services/php-8.1.23+0/bin/win64/ext\php_zip.dll (The specified module could not be found), C:/Users/Abdul Rahman/AppData/Roaming/Local/lightning-services/php-8.1.23+0/bin/win64/ext\php_php_zip.dll.dll (The specified module could not be found)) in Unknown on line 0
[26-Nov-2023 06:46:21 UTC] PHP Warning:  require(wp-load.php): Failed to open stream: No such file or directory in C:\Users\Abdul Rahman\Local Sites\LGL-Website\app\public\wp-content\themes\lgl-theme\submit-contact-form.php on line 3
[26-Nov-2023 06:46:21 UTC] PHP Fatal error:  Uncaught Error: Failed opening required 'wp-load.php' (include_path='.:/usr/share/php:/www/wp-content/pear') in C:\Users\Abdul Rahman\Local Sites\LGL-Website\app\public\wp-content\themes\lgl-theme\submit-contact-form.php:3
Stack trace:
#0 {main}
  thrown in C:\Users\Abdul Rahman\Local Sites\LGL-Website\app\public\wp-content\themes\lgl-theme\submit-contact-form.php on line 3
[27-Nov-2023 07:44:18 UTC] PHP Warning:  PHP Startup: Unable to load dynamic library 'php_zip.dll' (tried: C:/Users/Abdul Rahman/AppData/Roaming/Local/lightning-services/php-8.1.23+0/bin/win64/ext\php_zip.dll (The specified module could not be found), C:/Users/Abdul Rahman/AppData/Roaming/Local/lightning-services/php-8.1.23+0/bin/win64/ext\php_php_zip.dll.dll (The specified module could not be found)) in Unknown on line 0
[27-Nov-2023 07:44:18 UTC] PHP Warning:  PHP Startup: Unable to load dynamic library 'php_zip.dll' (tried: C:/Users/Abdul Rahman/AppData/Roaming/Local/lightning-services/php-8.1.23+0/bin/win64/ext\php_zip.dll (The specified module could not be found), C:/Users/Abdul Rahman/AppData/Roaming/Local/lightning-services/php-8.1.23+0/bin/win64/ext\php_php_zip.dll.dll (The specified module could not be found)) in Unknown on line 0
[27-Nov-2023 07:44:19 UTC] PHP Warning:  PHP Startup: Unable to load dynamic library 'php_zip.dll' (tried: C:/Users/Abdul Rahman/AppData/Roaming/Local/lightning-services/php-8.1.23+0/bin/win64/ext\php_zip.dll (The specified module could not be found), C:/Users/Abdul Rahman/AppData/Roaming/Local/lightning-services/php-8.1.23+0/bin/win64/ext\php_php_zip.dll.dll (The specified module could not be found)) in Unknown on line 0
[27-Nov-2023 07:44:19 UTC] PHP Warning:  PHP Startup: Unable to load dynamic library 'php_zip.dll' (tried: C:/Users/Abdul Rahman/AppData/Roaming/Local/lightning-services/php-8.1.23+0/bin/win64/ext\php_zip.dll (The specified module could not be found), C:/Users/Abdul Rahman/AppData/Roaming/Local/lightning-services/php-8.1.23+0/bin/win64/ext\php_php_zip.dll.dll (The specified module could not be found)) in Unknown on line 0
[27-Nov-2023 07:44:19 UTC] PHP Warning:  PHP Startup: Unable to load dynamic library 'php_zip.dll' (tried: C:/Users/Abdul Rahman/AppData/Roaming/Local/lightning-services/php-8.1.23+0/bin/win64/ext\php_zip.dll (The specified module could not be found), C:/Users/Abdul Rahman/AppData/Roaming/Local/lightning-services/php-8.1.23+0/bin/win64/ext\php_php_zip.dll.dll (The specified module could not be found)) in Unknown on line 0
[27-Nov-2023 07:44:19 UTC] PHP Warning:  PHP Startup: Unable to load dynamic library 'php_zip.dll' (tried: C:/Users/Abdul Rahman/AppData/Roaming/Local/lightning-services/php-8.1.23+0/bin/win64/ext\php_zip.dll (The specified module could not be found), C:/Users/Abdul Rahman/AppData/Roaming/Local/lightning-services/php-8.1.23+0/bin/win64/ext\php_php_zip.dll.dll (The specified module could not be found)) in Unknown on line 0
[27-Nov-2023 07:44:19 UTC] PHP Warning:  PHP Startup: Unable to load dynamic library 'php_zip.dll' (tried: C:/Users/Abdul Rahman/AppData/Roaming/Local/lightning-services/php-8.1.23+0/bin/win64/ext\php_zip.dll (The specified module could not be found), C:/Users/Abdul Rahman/AppData/Roaming/Local/lightning-services/php-8.1.23+0/bin/win64/ext\php_php_zip.dll.dll (The specified module could not be found)) in Unknown on line 0
[27-Nov-2023 07:44:19 UTC] PHP Warning:  PHP Startup: Unable to load dynamic library 'php_zip.dll' (tried: C:/Users/Abdul Rahman/AppData/Roaming/Local/lightning-services/php-8.1.23+0/bin/win64/ext\php_zip.dll (The specified module could not be found), C:/Users/Abdul Rahman/AppData/Roaming/Local/lightning-services/php-8.1.23+0/bin/win64/ext\php_php_zip.dll.dll (The specified module could not be found)) in Unknown on line 0
[27-Nov-2023 07:44:21 UTC] PHP Warning:  PHP Startup: Unable to load dynamic library 'php_zip.dll' (tried: C:/Users/Abdul Rahman/AppData/Roaming/Local/lightning-services/php-8.1.23+0/bin/win64/ext\php_zip.dll (The specified module could not be found), C:/Users/Abdul Rahman/AppData/Roaming/Local/lightning-services/php-8.1.23+0/bin/win64/ext\php_php_zip.dll.dll (The specified module could not be found)) in Unknown on line 0
[27-Nov-2023 07:44:30 UTC] PHP Warning:  PHP Startup: Unable to load dynamic library 'php_zip.dll' (tried: C:/Users/Abdul Rahman/AppData/Roaming/Local/lightning-services/php-8.1.23+0/bin/win64/ext\php_zip.dll (The specified module could not be found), C:/Users/Abdul Rahman/AppData/Roaming/Local/lightning-services/php-8.1.23+0/bin/win64/ext\php_php_zip.dll.dll (The specified module could not be found)) in Unknown on line 0
[27-Nov-2023 07:44:31 UTC] PHP Warning:  PHP Startup: Unable to load dynamic library 'php_zip.dll' (tried: C:/Users/Abdul Rahman/AppData/Roaming/Local/lightning-services/php-8.1.23+0/bin/win64/ext\php_zip.dll (The specified module could not be found), C:/Users/Abdul Rahman/AppData/Roaming/Local/lightning-services/php-8.1.23+0/bin/win64/ext\php_php_zip.dll.dll (The specified module could not be found)) in Unknown on line 0
[27-Nov-2023 07:44:31 UTC] PHP Warning:  PHP Startup: Unable to load dynamic library 'php_zip.dll' (tried: C:/Users/Abdul Rahman/AppData/Roaming/Local/lightning-services/php-8.1.23+0/bin/win64/ext\php_zip.dll (The specified module could not be found), C:/Users/Abdul Rahman/AppData/Roaming/Local/lightning-services/php-8.1.23+0/bin/win64/ext\php_php_zip.dll.dll (The specified module could not be found)) in Unknown on line 0
[27-Nov-2023 07:44:31 UTC] PHP Warning:  PHP Startup: Unable to load dynamic library 'php_zip.dll' (tried: C:/Users/Abdul Rahman/AppData/Roaming/Local/lightning-services/php-8.1.23+0/bin/win64/ext\php_zip.dll (The specified module could not be found), C:/Users/Abdul Rahman/AppData/Roaming/Local/lightning-services/php-8.1.23+0/bin/win64/ext\php_php_zip.dll.dll (The specified module could not be found)) in Unknown on line 0
[27-Nov-2023 07:45:15 UTC] PHP Warning:  Undefined variable $permalink in C:\Users\Abdul Rahman\Local Sites\LGL-Website\app\public\wp-content\themes\lgl-theme\functions.php on line 117
[27-Nov-2023 07:45:15 UTC] PHP Warning:  Undefined variable $permalink in C:\Users\Abdul Rahman\Local Sites\LGL-Website\app\public\wp-content\themes\lgl-theme\functions.php on line 117
[27-Nov-2023 07:45:15 UTC] PHP Warning:  Undefined variable $permalink in C:\Users\Abdul Rahman\Local Sites\LGL-Website\app\public\wp-content\themes\lgl-theme\functions.php on line 117
[27-Nov-2023 07:45:15 UTC] PHP Warning:  Undefined variable $permalink in C:\Users\Abdul Rahman\Local Sites\LGL-Website\app\public\wp-content\themes\lgl-theme\functions.php on line 117
[27-Nov-2023 07:45:15 UTC] PHP Warning:  Undefined variable $permalink in C:\Users\Abdul Rahman\Local Sites\LGL-Website\app\public\wp-content\themes\lgl-theme\functions.php on line 117
[27-Nov-2023 07:45:15 UTC] PHP Warning:  Undefined variable $permalink in C:\Users\Abdul Rahman\Local Sites\LGL-Website\app\public\wp-content\themes\lgl-theme\functions.php on line 155
[27-Nov-2023 07:45:15 UTC] PHP Warning:  Undefined variable $permalink in C:\Users\Abdul Rahman\Local Sites\LGL-Website\app\public\wp-content\themes\lgl-theme\functions.php on line 155
[27-Nov-2023 07:45:21 UTC] PHP Warning:  Undefined variable $permalink in C:\Users\Abdul Rahman\Local Sites\LGL-Website\app\public\wp-content\themes\lgl-theme\functions.php on line 117
[27-Nov-2023 07:45:21 UTC] PHP Warning:  Undefined variable $permalink in C:\Users\Abdul Rahman\Local Sites\LGL-Website\app\public\wp-content\themes\lgl-theme\functions.php on line 117
[27-Nov-2023 07:45:21 UTC] PHP Warning:  Undefined variable $permalink in C:\Users\Abdul Rahman\Local Sites\LGL-Website\app\public\wp-content\themes\lgl-theme\functions.php on line 117
[27-Nov-2023 07:45:21 UTC] PHP Warning:  Undefined variable $permalink in C:\Users\Abdul Rahman\Local Sites\LGL-Website\app\public\wp-content\themes\lgl-theme\functions.php on line 117
[27-Nov-2023 07:45:21 UTC] PHP Warning:  Undefined variable $permalink in C:\Users\Abdul Rahman\Local Sites\LGL-Website\app\public\wp-content\themes\lgl-theme\functions.php on line 117
[27-Nov-2023 07:45:21 UTC] PHP Warning:  Undefined variable $permalink in C:\Users\Abdul Rahman\Local Sites\LGL-Website\app\public\wp-content\themes\lgl-theme\functions.php on line 155
[27-Nov-2023 07:45:21 UTC] PHP Warning:  Undefined variable $permalink in C:\Users\Abdul Rahman\Local Sites\LGL-Website\app\public\wp-content\themes\lgl-theme\functions.php on line 155
[28-Nov-2023 23:16:54 UTC] PHP Parse error:  syntax error, unexpected token "echo", expecting "," or ";" in C:\Users\Abdul Rahman\Local Sites\LGL-Website\app\public\wp-content\themes\lgl-theme\index.php on line 11
[28-Nov-2023 23:44:33 UTC] PHP Warning:  Undefined array key 0 in C:\Users\Abdul Rahman\Local Sites\LGL-Website\app\public\wp-content\themes\lgl-theme\single-blog.php on line 59
[28-Nov-2023 23:45:59 UTC] PHP Warning:  Undefined array key 1 in C:\Users\Abdul Rahman\Local Sites\LGL-Website\app\public\wp-content\themes\lgl-theme\single-blog.php on line 59
[28-Nov-2023 23:47:26 UTC] PHP Warning:  Undefined array key 0 in C:\Users\Abdul Rahman\Local Sites\LGL-Website\app\public\wp-content\themes\lgl-theme\single-blog.php on line 59
[28-Nov-2023 23:52:40 UTC] PHP Warning:  Undefined array key 2 in C:\Users\Abdul Rahman\Local Sites\LGL-Website\app\public\wp-content\themes\lgl-theme\single-blog.php on line 53
[28-Nov-2023 23:52:40 UTC] PHP Warning:  Undefined array key 2 in C:\Users\Abdul Rahman\Local Sites\LGL-Website\app\public\wp-content\themes\lgl-theme\single-blog.php on line 53
[29-Nov-2023 00:08:03 UTC] PHP Warning:  Undefined variable $htmlContent in C:\Users\Abdul Rahman\Local Sites\LGL-Website\app\public\wp-content\themes\lgl-theme\single-blog.php on line 52
[29-Nov-2023 00:13:43 UTC] PHP Warning:  Undefined variable $content in C:\Users\Abdul Rahman\Local Sites\LGL-Website\app\public\wp-content\themes\lgl-theme\single-blog.php on line 15
[29-Nov-2023 00:14:01 UTC] PHP Parse error:  syntax error, unexpected variable "$imageUrls" in C:\Users\Abdul Rahman\Local Sites\LGL-Website\app\public\wp-content\themes\lgl-theme\single-blog.php on line 23
[29-Nov-2023 00:14:12 UTC] PHP Parse error:  syntax error, unexpected variable "$imageUrls" in C:\Users\Abdul Rahman\Local Sites\LGL-Website\app\public\wp-content\themes\lgl-theme\single-blog.php on line 23
[29-Nov-2023 00:15:32 UTC] PHP Warning:  Undefined array key 0 in C:\Users\Abdul Rahman\Local Sites\LGL-Website\app\public\wp-content\themes\lgl-theme\single-blog.php on line 25
[29-Nov-2023 00:15:45 UTC] PHP Warning:  Undefined array key 1 in C:\Users\Abdul Rahman\Local Sites\LGL-Website\app\public\wp-content\themes\lgl-theme\single-blog.php on line 25
[29-Nov-2023 00:17:31 UTC] PHP Warning:  Undefined array key 0 in C:\Users\Abdul Rahman\Local Sites\LGL-Website\app\public\wp-content\themes\lgl-theme\single-blog.php on line 30
[29-Nov-2023 00:17:55 UTC] PHP Warning:  Undefined variable $first_img in C:\Users\Abdul Rahman\Local Sites\LGL-Website\app\public\wp-content\themes\lgl-theme\single-blog.php on line 55
[29-Nov-2023 00:20:05 UTC] PHP Warning:  Undefined variable $textContent in C:\Users\Abdul Rahman\Local Sites\LGL-Website\app\public\wp-content\themes\lgl-theme\single-blog.php on line 53
[29-Nov-2023 00:44:51 UTC] PHP Parse error:  syntax error, unexpected variable "$dom" in C:\Users\Abdul Rahman\Local Sites\LGL-Website\app\public\wp-content\themes\lgl-theme\single-blog.php on line 22
[29-Nov-2023 00:50:03 UTC] PHP Warning:  PHP Startup: Unable to load dynamic library 'php_zip.dll' (tried: C:/Users/Abdul Rahman/AppData/Roaming/Local/lightning-services/php-8.1.23+0/bin/win64/ext\php_zip.dll (The specified module could not be found), C:/Users/Abdul Rahman/AppData/Roaming/Local/lightning-services/php-8.1.23+0/bin/win64/ext\php_php_zip.dll.dll (The specified module could not be found)) in Unknown on line 0
[29-Nov-2023 00:50:04 UTC] PHP Warning:  PHP Startup: Unable to load dynamic library 'php_zip.dll' (tried: C:/Users/Abdul Rahman/AppData/Roaming/Local/lightning-services/php-8.1.23+0/bin/win64/ext\php_zip.dll (The specified module could not be found), C:/Users/Abdul Rahman/AppData/Roaming/Local/lightning-services/php-8.1.23+0/bin/win64/ext\php_php_zip.dll.dll (The specified module could not be found)) in Unknown on line 0
[29-Nov-2023 01:12:38 UTC] PHP Fatal error:  Uncaught DOMException: Not Found Error in C:\Users\Abdul Rahman\Local Sites\LGL-Website\app\public\wp-content\themes\lgl-theme\single-blog.php:39
Stack trace:
#0 C:\Users\Abdul Rahman\Local Sites\LGL-Website\app\public\wp-content\themes\lgl-theme\single-blog.php(39): DOMNode->removeChild(Object(DOMElement))
#1 C:\Users\Abdul Rahman\Local Sites\LGL-Website\app\public\wp-includes\template-loader.php(106): include('C:\\Users\\Abdul ...')
#2 C:\Users\Abdul Rahman\Local Sites\LGL-Website\app\public\wp-blog-header.php(19): require_once('C:\\Users\\Abdul ...')
#3 C:\Users\Abdul Rahman\Local Sites\LGL-Website\app\public\index.php(17): require('C:\\Users\\Abdul ...')
#4 {main}
  thrown in C:\Users\Abdul Rahman\Local Sites\LGL-Website\app\public\wp-content\themes\lgl-theme\single-blog.php on line 39
[29-Nov-2023 01:12:54 UTC] PHP Fatal error:  Uncaught DOMException: Not Found Error in C:\Users\Abdul Rahman\Local Sites\LGL-Website\app\public\wp-content\themes\lgl-theme\single-blog.php:39
Stack trace:
#0 C:\Users\Abdul Rahman\Local Sites\LGL-Website\app\public\wp-content\themes\lgl-theme\single-blog.php(39): DOMNode->removeChild(Object(DOMElement))
#1 C:\Users\Abdul Rahman\Local Sites\LGL-Website\app\public\wp-includes\template-loader.php(106): include('C:\\Users\\Abdul ...')
#2 C:\Users\Abdul Rahman\Local Sites\LGL-Website\app\public\wp-blog-header.php(19): require_once('C:\\Users\\Abdul ...')
#3 C:\Users\Abdul Rahman\Local Sites\LGL-Website\app\public\index.php(17): require('C:\\Users\\Abdul ...')
#4 {main}
  thrown in C:\Users\Abdul Rahman\Local Sites\LGL-Website\app\public\wp-content\themes\lgl-theme\single-blog.php on line 39
[29-Nov-2023 02:24:55 UTC] PHP Warning:  PHP Startup: Unable to load dynamic library 'php_zip.dll' (tried: C:/Users/Abdul Rahman/AppData/Roaming/Local/lightning-services/php-8.1.23+0/bin/win64/ext\php_zip.dll (The specified module could not be found), C:/Users/Abdul Rahman/AppData/Roaming/Local/lightning-services/php-8.1.23+0/bin/win64/ext\php_php_zip.dll.dll (The specified module could not be found)) in Unknown on line 0
[29-Nov-2023 02:25:42 UTC] PHP Warning:  PHP Startup: Unable to load dynamic library 'php_zip.dll' (tried: C:/Users/Abdul Rahman/AppData/Roaming/Local/lightning-services/php-8.1.23+0/bin/win64/ext\php_zip.dll (The specified module could not be found), C:/Users/Abdul Rahman/AppData/Roaming/Local/lightning-services/php-8.1.23+0/bin/win64/ext\php_php_zip.dll.dll (The specified module could not be found)) in Unknown on line 0
[29-Nov-2023 04:34:52 UTC] PHP Warning:  PHP Startup: Unable to load dynamic library 'php_zip.dll' (tried: C:/Users/Abdul Rahman/AppData/Roaming/Local/lightning-services/php-8.1.23+0/bin/win64/ext\php_zip.dll (The specified module could not be found), C:/Users/Abdul Rahman/AppData/Roaming/Local/lightning-services/php-8.1.23+0/bin/win64/ext\php_php_zip.dll.dll (The specified module could not be found)) in Unknown on line 0
[29-Nov-2023 04:34:52 UTC] PHP Warning:  PHP Startup: Unable to load dynamic library 'php_zip.dll' (tried: C:/Users/Abdul Rahman/AppData/Roaming/Local/lightning-services/php-8.1.23+0/bin/win64/ext\php_zip.dll (The specified module could not be found), C:/Users/Abdul Rahman/AppData/Roaming/Local/lightning-services/php-8.1.23+0/bin/win64/ext\php_php_zip.dll.dll (The specified module could not be found)) in Unknown on line 0
[29-Nov-2023 04:34:52 UTC] PHP Warning:  PHP Startup: Unable to load dynamic library 'php_zip.dll' (tried: C:/Users/Abdul Rahman/AppData/Roaming/Local/lightning-services/php-8.1.23+0/bin/win64/ext\php_zip.dll (The specified module could not be found), C:/Users/Abdul Rahman/AppData/Roaming/Local/lightning-services/php-8.1.23+0/bin/win64/ext\php_php_zip.dll.dll (The specified module could not be found)) in Unknown on line 0
[29-Nov-2023 04:34:53 UTC] PHP Warning:  PHP Startup: Unable to load dynamic library 'php_zip.dll' (tried: C:/Users/Abdul Rahman/AppData/Roaming/Local/lightning-services/php-8.1.23+0/bin/win64/ext\php_zip.dll (The specified module could not be found), C:/Users/Abdul Rahman/AppData/Roaming/Local/lightning-services/php-8.1.23+0/bin/win64/ext\php_php_zip.dll.dll (The specified module could not be found)) in Unknown on line 0
[29-Nov-2023 04:34:53 UTC] PHP Warning:  PHP Startup: Unable to load dynamic library 'php_zip.dll' (tried: C:/Users/Abdul Rahman/AppData/Roaming/Local/lightning-services/php-8.1.23+0/bin/win64/ext\php_zip.dll (The specified module could not be found), C:/Users/Abdul Rahman/AppData/Roaming/Local/lightning-services/php-8.1.23+0/bin/win64/ext\php_php_zip.dll.dll (The specified module could not be found)) in Unknown on line 0
[29-Nov-2023 04:34:53 UTC] PHP Warning:  PHP Startup: Unable to load dynamic library 'php_zip.dll' (tried: C:/Users/Abdul Rahman/AppData/Roaming/Local/lightning-services/php-8.1.23+0/bin/win64/ext\php_zip.dll (The specified module could not be found), C:/Users/Abdul Rahman/AppData/Roaming/Local/lightning-services/php-8.1.23+0/bin/win64/ext\php_php_zip.dll.dll (The specified module could not be found)) in Unknown on line 0
[29-Nov-2023 04:34:55 UTC] PHP Warning:  PHP Startup: Unable to load dynamic library 'php_zip.dll' (tried: C:/Users/Abdul Rahman/AppData/Roaming/Local/lightning-services/php-8.1.23+0/bin/win64/ext\php_zip.dll (The specified module could not be found), C:/Users/Abdul Rahman/AppData/Roaming/Local/lightning-services/php-8.1.23+0/bin/win64/ext\php_php_zip.dll.dll (The specified module could not be found)) in Unknown on line 0
[29-Nov-2023 04:34:55 UTC] PHP Warning:  PHP Startup: Unable to load dynamic library 'php_zip.dll' (tried: C:/Users/Abdul Rahman/AppData/Roaming/Local/lightning-services/php-8.1.23+0/bin/win64/ext\php_zip.dll (The specified module could not be found), C:/Users/Abdul Rahman/AppData/Roaming/Local/lightning-services/php-8.1.23+0/bin/win64/ext\php_php_zip.dll.dll (The specified module could not be found)) in Unknown on line 0
[29-Nov-2023 04:34:55 UTC] PHP Warning:  PHP Startup: Unable to load dynamic library 'php_zip.dll' (tried: C:/Users/Abdul Rahman/AppData/Roaming/Local/lightning-services/php-8.1.23+0/bin/win64/ext\php_zip.dll (The specified module could not be found), C:/Users/Abdul Rahman/AppData/Roaming/Local/lightning-services/php-8.1.23+0/bin/win64/ext\php_php_zip.dll.dll (The specified module could not be found)) in Unknown on line 0
[29-Nov-2023 04:34:56 UTC] PHP Warning:  PHP Startup: Unable to load dynamic library 'php_zip.dll' (tried: C:/Users/Abdul Rahman/AppData/Roaming/Local/lightning-services/php-8.1.23+0/bin/win64/ext\php_zip.dll (The specified module could not be found), C:/Users/Abdul Rahman/AppData/Roaming/Local/lightning-services/php-8.1.23+0/bin/win64/ext\php_php_zip.dll.dll (The specified module could not be found)) in Unknown on line 0
[29-Nov-2023 04:34:56 UTC] PHP Warning:  PHP Startup: Unable to load dynamic library 'php_zip.dll' (tried: C:/Users/Abdul Rahman/AppData/Roaming/Local/lightning-services/php-8.1.23+0/bin/win64/ext\php_zip.dll (The specified module could not be found), C:/Users/Abdul Rahman/AppData/Roaming/Local/lightning-services/php-8.1.23+0/bin/win64/ext\php_php_zip.dll.dll (The specified module could not be found)) in Unknown on line 0
[29-Nov-2023 18:14:58 UTC] PHP Warning:  PHP Startup: Unable to load dynamic library 'php_zip.dll' (tried: C:/Users/Abdul Rahman/AppData/Roaming/Local/lightning-services/php-8.1.23+0/bin/win64/ext\php_zip.dll (The specified module could not be found), C:/Users/Abdul Rahman/AppData/Roaming/Local/lightning-services/php-8.1.23+0/bin/win64/ext\php_php_zip.dll.dll (The specified module could not be found)) in Unknown on line 0
[29-Nov-2023 18:14:58 UTC] PHP Warning:  PHP Startup: Unable to load dynamic library 'php_zip.dll' (tried: C:/Users/Abdul Rahman/AppData/Roaming/Local/lightning-services/php-8.1.23+0/bin/win64/ext\php_zip.dll (The specified module could not be found), C:/Users/Abdul Rahman/AppData/Roaming/Local/lightning-services/php-8.1.23+0/bin/win64/ext\php_php_zip.dll.dll (The specified module could not be found)) in Unknown on line 0
[29-Nov-2023 18:14:58 UTC] PHP Warning:  PHP Startup: Unable to load dynamic library 'php_zip.dll' (tried: C:/Users/Abdul Rahman/AppData/Roaming/Local/lightning-services/php-8.1.23+0/bin/win64/ext\php_zip.dll (The specified module could not be found), C:/Users/Abdul Rahman/AppData/Roaming/Local/lightning-services/php-8.1.23+0/bin/win64/ext\php_php_zip.dll.dll (The specified module could not be found)) in Unknown on line 0
[29-Nov-2023 18:14:58 UTC] PHP Warning:  PHP Startup: Unable to load dynamic library 'php_zip.dll' (tried: C:/Users/Abdul Rahman/AppData/Roaming/Local/lightning-services/php-8.1.23+0/bin/win64/ext\php_zip.dll (The specified module could not be found), C:/Users/Abdul Rahman/AppData/Roaming/Local/lightning-services/php-8.1.23+0/bin/win64/ext\php_php_zip.dll.dll (The specified module could not be found)) in Unknown on line 0
[29-Nov-2023 18:14:59 UTC] PHP Warning:  PHP Startup: Unable to load dynamic library 'php_zip.dll' (tried: C:/Users/Abdul Rahman/AppData/Roaming/Local/lightning-services/php-8.1.23+0/bin/win64/ext\php_zip.dll (The specified module could not be found), C:/Users/Abdul Rahman/AppData/Roaming/Local/lightning-services/php-8.1.23+0/bin/win64/ext\php_php_zip.dll.dll (The specified module could not be found)) in Unknown on line 0
[29-Nov-2023 18:14:59 UTC] PHP Warning:  PHP Startup: Unable to load dynamic library 'php_zip.dll' (tried: C:/Users/Abdul Rahman/AppData/Roaming/Local/lightning-services/php-8.1.23+0/bin/win64/ext\php_zip.dll (The specified module could not be found), C:/Users/Abdul Rahman/AppData/Roaming/Local/lightning-services/php-8.1.23+0/bin/win64/ext\php_php_zip.dll.dll (The specified module could not be found)) in Unknown on line 0
[29-Nov-2023 18:15:01 UTC] PHP Warning:  PHP Startup: Unable to load dynamic library 'php_zip.dll' (tried: C:/Users/Abdul Rahman/AppData/Roaming/Local/lightning-services/php-8.1.23+0/bin/win64/ext\php_zip.dll (The specified module could not be found), C:/Users/Abdul Rahman/AppData/Roaming/Local/lightning-services/php-8.1.23+0/bin/win64/ext\php_php_zip.dll.dll (The specified module could not be found)) in Unknown on line 0
[29-Nov-2023 18:15:07 UTC] PHP Warning:  PHP Startup: Unable to load dynamic library 'php_zip.dll' (tried: C:/Users/Abdul Rahman/AppData/Roaming/Local/lightning-services/php-8.1.23+0/bin/win64/ext\php_zip.dll (The specified module could not be found), C:/Users/Abdul Rahman/AppData/Roaming/Local/lightning-services/php-8.1.23+0/bin/win64/ext\php_php_zip.dll.dll (The specified module could not be found)) in Unknown on line 0
[29-Nov-2023 18:15:07 UTC] PHP Warning:  PHP Startup: Unable to load dynamic library 'php_zip.dll' (tried: C:/Users/Abdul Rahman/AppData/Roaming/Local/lightning-services/php-8.1.23+0/bin/win64/ext\php_zip.dll (The specified module could not be found), C:/Users/Abdul Rahman/AppData/Roaming/Local/lightning-services/php-8.1.23+0/bin/win64/ext\php_php_zip.dll.dll (The specified module could not be found)) in Unknown on line 0
[29-Nov-2023 18:15:08 UTC] PHP Warning:  PHP Startup: Unable to load dynamic library 'php_zip.dll' (tried: C:/Users/Abdul Rahman/AppData/Roaming/Local/lightning-services/php-8.1.23+0/bin/win64/ext\php_zip.dll (The specified module could not be found), C:/Users/Abdul Rahman/AppData/Roaming/Local/lightning-services/php-8.1.23+0/bin/win64/ext\php_php_zip.dll.dll (The specified module could not be found)) in Unknown on line 0
[29-Nov-2023 18:15:08 UTC] PHP Warning:  PHP Startup: Unable to load dynamic library 'php_zip.dll' (tried: C:/Users/Abdul Rahman/AppData/Roaming/Local/lightning-services/php-8.1.23+0/bin/win64/ext\php_zip.dll (The specified module could not be found), C:/Users/Abdul Rahman/AppData/Roaming/Local/lightning-services/php-8.1.23+0/bin/win64/ext\php_php_zip.dll.dll (The specified module could not be found)) in Unknown on line 0
[03-Dec-2023 23:51:05 UTC] PHP Warning:  Undefined variable $tags in C:\Users\Abdul Rahman\Local Sites\LGL-Website\app\public\wp-content\themes\lgl-theme\functions.php on line 183
[03-Dec-2023 23:51:05 UTC] PHP Fatal error:  Uncaught TypeError: count(): Argument #1 ($value) must be of type Countable|array, null given in C:\Users\Abdul Rahman\Local Sites\LGL-Website\app\public\wp-content\themes\lgl-theme\functions.php:183
Stack trace:
#0 C:\Users\Abdul Rahman\Local Sites\LGL-Website\app\public\wp-includes\class-wp-hook.php(324): filter_posts('')
#1 C:\Users\Abdul Rahman\Local Sites\LGL-Website\app\public\wp-includes\class-wp-hook.php(348): WP_Hook->apply_filters('', Array)
#2 C:\Users\Abdul Rahman\Local Sites\LGL-Website\app\public\wp-includes\plugin.php(517): WP_Hook->do_action(Array)
#3 C:\Users\Abdul Rahman\Local Sites\LGL-Website\app\public\wp-admin\admin-ajax.php(203): do_action('wp_ajax_nopriv_...')
#4 {main}
  thrown in C:\Users\Abdul Rahman\Local Sites\LGL-Website\app\public\wp-content\themes\lgl-theme\functions.php on line 183
[03-Dec-2023 23:51:07 UTC] PHP Warning:  Undefined variable $tags in C:\Users\Abdul Rahman\Local Sites\LGL-Website\app\public\wp-content\themes\lgl-theme\functions.php on line 183
[03-Dec-2023 23:51:07 UTC] PHP Fatal error:  Uncaught TypeError: count(): Argument #1 ($value) must be of type Countable|array, null given in C:\Users\Abdul Rahman\Local Sites\LGL-Website\app\public\wp-content\themes\lgl-theme\functions.php:183
Stack trace:
#0 C:\Users\Abdul Rahman\Local Sites\LGL-Website\app\public\wp-includes\class-wp-hook.php(324): filter_posts('')
#1 C:\Users\Abdul Rahman\Local Sites\LGL-Website\app\public\wp-includes\class-wp-hook.php(348): WP_Hook->apply_filters('', Array)
#2 C:\Users\Abdul Rahman\Local Sites\LGL-Website\app\public\wp-includes\plugin.php(517): WP_Hook->do_action(Array)
#3 C:\Users\Abdul Rahman\Local Sites\LGL-Website\app\public\wp-admin\admin-ajax.php(203): do_action('wp_ajax_nopriv_...')
#4 {main}
  thrown in C:\Users\Abdul Rahman\Local Sites\LGL-Website\app\public\wp-content\themes\lgl-theme\functions.php on line 183
[03-Dec-2023 23:51:08 UTC] PHP Warning:  Undefined variable $tags in C:\Users\Abdul Rahman\Local Sites\LGL-Website\app\public\wp-content\themes\lgl-theme\functions.php on line 183
[03-Dec-2023 23:51:08 UTC] PHP Fatal error:  Uncaught TypeError: count(): Argument #1 ($value) must be of type Countable|array, null given in C:\Users\Abdul Rahman\Local Sites\LGL-Website\app\public\wp-content\themes\lgl-theme\functions.php:183
Stack trace:
#0 C:\Users\Abdul Rahman\Local Sites\LGL-Website\app\public\wp-includes\class-wp-hook.php(324): filter_posts('')
#1 C:\Users\Abdul Rahman\Local Sites\LGL-Website\app\public\wp-includes\class-wp-hook.php(348): WP_Hook->apply_filters('', Array)
#2 C:\Users\Abdul Rahman\Local Sites\LGL-Website\app\public\wp-includes\plugin.php(517): WP_Hook->do_action(Array)
#3 C:\Users\Abdul Rahman\Local Sites\LGL-Website\app\public\wp-admin\admin-ajax.php(203): do_action('wp_ajax_nopriv_...')
#4 {main}
  thrown in C:\Users\Abdul Rahman\Local Sites\LGL-Website\app\public\wp-content\themes\lgl-theme\functions.php on line 183
[03-Dec-2023 23:51:19 UTC] PHP Warning:  Undefined variable $tags in C:\Users\Abdul Rahman\Local Sites\LGL-Website\app\public\wp-content\themes\lgl-theme\functions.php on line 183
[03-Dec-2023 23:51:19 UTC] PHP Fatal error:  Uncaught TypeError: count(): Argument #1 ($value) must be of type Countable|array, null given in C:\Users\Abdul Rahman\Local Sites\LGL-Website\app\public\wp-content\themes\lgl-theme\functions.php:183
Stack trace:
#0 C:\Users\Abdul Rahman\Local Sites\LGL-Website\app\public\wp-includes\class-wp-hook.php(324): filter_posts('')
#1 C:\Users\Abdul Rahman\Local Sites\LGL-Website\app\public\wp-includes\class-wp-hook.php(348): WP_Hook->apply_filters('', Array)
#2 C:\Users\Abdul Rahman\Local Sites\LGL-Website\app\public\wp-includes\plugin.php(517): WP_Hook->do_action(Array)
#3 C:\Users\Abdul Rahman\Local Sites\LGL-Website\app\public\wp-admin\admin-ajax.php(203): do_action('wp_ajax_nopriv_...')
#4 {main}
  thrown in C:\Users\Abdul Rahman\Local Sites\LGL-Website\app\public\wp-content\themes\lgl-theme\functions.php on line 183
[03-Dec-2023 23:51:22 UTC] PHP Warning:  Undefined variable $tags in C:\Users\Abdul Rahman\Local Sites\LGL-Website\app\public\wp-content\themes\lgl-theme\functions.php on line 183
[03-Dec-2023 23:51:22 UTC] PHP Fatal error:  Uncaught TypeError: count(): Argument #1 ($value) must be of type Countable|array, null given in C:\Users\Abdul Rahman\Local Sites\LGL-Website\app\public\wp-content\themes\lgl-theme\functions.php:183
Stack trace:
#0 C:\Users\Abdul Rahman\Local Sites\LGL-Website\app\public\wp-includes\class-wp-hook.php(324): filter_posts('')
#1 C:\Users\Abdul Rahman\Local Sites\LGL-Website\app\public\wp-includes\class-wp-hook.php(348): WP_Hook->apply_filters('', Array)
#2 C:\Users\Abdul Rahman\Local Sites\LGL-Website\app\public\wp-includes\plugin.php(517): WP_Hook->do_action(Array)
#3 C:\Users\Abdul Rahman\Local Sites\LGL-Website\app\public\wp-admin\admin-ajax.php(203): do_action('wp_ajax_nopriv_...')
#4 {main}
  thrown in C:\Users\Abdul Rahman\Local Sites\LGL-Website\app\public\wp-content\themes\lgl-theme\functions.php on line 183
[03-Dec-2023 23:51:24 UTC] PHP Warning:  Undefined variable $tags in C:\Users\Abdul Rahman\Local Sites\LGL-Website\app\public\wp-content\themes\lgl-theme\functions.php on line 183
[03-Dec-2023 23:51:24 UTC] PHP Fatal error:  Uncaught TypeError: count(): Argument #1 ($value) must be of type Countable|array, null given in C:\Users\Abdul Rahman\Local Sites\LGL-Website\app\public\wp-content\themes\lgl-theme\functions.php:183
Stack trace:
#0 C:\Users\Abdul Rahman\Local Sites\LGL-Website\app\public\wp-includes\class-wp-hook.php(324): filter_posts('')
#1 C:\Users\Abdul Rahman\Local Sites\LGL-Website\app\public\wp-includes\class-wp-hook.php(348): WP_Hook->apply_filters('', Array)
#2 C:\Users\Abdul Rahman\Local Sites\LGL-Website\app\public\wp-includes\plugin.php(517): WP_Hook->do_action(Array)
#3 C:\Users\Abdul Rahman\Local Sites\LGL-Website\app\public\wp-admin\admin-ajax.php(203): do_action('wp_ajax_nopriv_...')
#4 {main}
  thrown in C:\Users\Abdul Rahman\Local Sites\LGL-Website\app\public\wp-content\themes\lgl-theme\functions.php on line 183
[03-Dec-2023 23:51:47 UTC] PHP Warning:  Undefined variable $tags in C:\Users\Abdul Rahman\Local Sites\LGL-Website\app\public\wp-content\themes\lgl-theme\functions.php on line 144
[03-Dec-2023 23:51:47 UTC] PHP Fatal error:  Uncaught TypeError: count(): Argument #1 ($value) must be of type Countable|array, null given in C:\Users\Abdul Rahman\Local Sites\LGL-Website\app\public\wp-content\themes\lgl-theme\functions.php:144
Stack trace:
#0 C:\Users\Abdul Rahman\Local Sites\LGL-Website\app\public\wp-includes\class-wp-hook.php(324): filter_posts('')
#1 C:\Users\Abdul Rahman\Local Sites\LGL-Website\app\public\wp-includes\class-wp-hook.php(348): WP_Hook->apply_filters('', Array)
#2 C:\Users\Abdul Rahman\Local Sites\LGL-Website\app\public\wp-includes\plugin.php(517): WP_Hook->do_action(Array)
#3 C:\Users\Abdul Rahman\Local Sites\LGL-Website\app\public\wp-admin\admin-ajax.php(203): do_action('wp_ajax_nopriv_...')
#4 {main}
  thrown in C:\Users\Abdul Rahman\Local Sites\LGL-Website\app\public\wp-content\themes\lgl-theme\functions.php on line 144
[03-Dec-2023 23:51:48 UTC] PHP Warning:  Undefined variable $tags in C:\Users\Abdul Rahman\Local Sites\LGL-Website\app\public\wp-content\themes\lgl-theme\functions.php on line 144
[03-Dec-2023 23:51:48 UTC] PHP Fatal error:  Uncaught TypeError: count(): Argument #1 ($value) must be of type Countable|array, null given in C:\Users\Abdul Rahman\Local Sites\LGL-Website\app\public\wp-content\themes\lgl-theme\functions.php:144
Stack trace:
#0 C:\Users\Abdul Rahman\Local Sites\LGL-Website\app\public\wp-includes\class-wp-hook.php(324): filter_posts('')
#1 C:\Users\Abdul Rahman\Local Sites\LGL-Website\app\public\wp-includes\class-wp-hook.php(348): WP_Hook->apply_filters('', Array)
#2 C:\Users\Abdul Rahman\Local Sites\LGL-Website\app\public\wp-includes\plugin.php(517): WP_Hook->do_action(Array)
#3 C:\Users\Abdul Rahman\Local Sites\LGL-Website\app\public\wp-admin\admin-ajax.php(203): do_action('wp_ajax_nopriv_...')
#4 {main}
  thrown in C:\Users\Abdul Rahman\Local Sites\LGL-Website\app\public\wp-content\themes\lgl-theme\functions.php on line 144
[03-Dec-2023 23:51:49 UTC] PHP Warning:  Undefined variable $tags in C:\Users\Abdul Rahman\Local Sites\LGL-Website\app\public\wp-content\themes\lgl-theme\functions.php on line 144
[03-Dec-2023 23:51:49 UTC] PHP Fatal error:  Uncaught TypeError: count(): Argument #1 ($value) must be of type Countable|array, null given in C:\Users\Abdul Rahman\Local Sites\LGL-Website\app\public\wp-content\themes\lgl-theme\functions.php:144
Stack trace:
#0 C:\Users\Abdul Rahman\Local Sites\LGL-Website\app\public\wp-includes\class-wp-hook.php(324): filter_posts('')
#1 C:\Users\Abdul Rahman\Local Sites\LGL-Website\app\public\wp-includes\class-wp-hook.php(348): WP_Hook->apply_filters('', Array)
#2 C:\Users\Abdul Rahman\Local Sites\LGL-Website\app\public\wp-includes\plugin.php(517): WP_Hook->do_action(Array)
#3 C:\Users\Abdul Rahman\Local Sites\LGL-Website\app\public\wp-admin\admin-ajax.php(203): do_action('wp_ajax_nopriv_...')
#4 {main}
  thrown in C:\Users\Abdul Rahman\Local Sites\LGL-Website\app\public\wp-content\themes\lgl-theme\functions.php on line 144
[03-Dec-2023 23:51:57 UTC] PHP Warning:  Undefined variable $tags in C:\Users\Abdul Rahman\Local Sites\LGL-Website\app\public\wp-content\themes\lgl-theme\functions.php on line 144
[03-Dec-2023 23:51:57 UTC] PHP Fatal error:  Uncaught TypeError: count(): Argument #1 ($value) must be of type Countable|array, null given in C:\Users\Abdul Rahman\Local Sites\LGL-Website\app\public\wp-content\themes\lgl-theme\functions.php:144
Stack trace:
#0 C:\Users\Abdul Rahman\Local Sites\LGL-Website\app\public\wp-includes\class-wp-hook.php(324): filter_posts('')
#1 C:\Users\Abdul Rahman\Local Sites\LGL-Website\app\public\wp-includes\class-wp-hook.php(348): WP_Hook->apply_filters('', Array)
#2 C:\Users\Abdul Rahman\Local Sites\LGL-Website\app\public\wp-includes\plugin.php(517): WP_Hook->do_action(Array)
#3 C:\Users\Abdul Rahman\Local Sites\LGL-Website\app\public\wp-admin\admin-ajax.php(203): do_action('wp_ajax_nopriv_...')
#4 {main}
  thrown in C:\Users\Abdul Rahman\Local Sites\LGL-Website\app\public\wp-content\themes\lgl-theme\functions.php on line 144
[03-Dec-2023 23:51:58 UTC] PHP Warning:  Undefined variable $tags in C:\Users\Abdul Rahman\Local Sites\LGL-Website\app\public\wp-content\themes\lgl-theme\functions.php on line 144
[03-Dec-2023 23:51:58 UTC] PHP Fatal error:  Uncaught TypeError: count(): Argument #1 ($value) must be of type Countable|array, null given in C:\Users\Abdul Rahman\Local Sites\LGL-Website\app\public\wp-content\themes\lgl-theme\functions.php:144
Stack trace:
#0 C:\Users\Abdul Rahman\Local Sites\LGL-Website\app\public\wp-includes\class-wp-hook.php(324): filter_posts('')
#1 C:\Users\Abdul Rahman\Local Sites\LGL-Website\app\public\wp-includes\class-wp-hook.php(348): WP_Hook->apply_filters('', Array)
#2 C:\Users\Abdul Rahman\Local Sites\LGL-Website\app\public\wp-includes\plugin.php(517): WP_Hook->do_action(Array)
#3 C:\Users\Abdul Rahman\Local Sites\LGL-Website\app\public\wp-admin\admin-ajax.php(203): do_action('wp_ajax_nopriv_...')
#4 {main}
  thrown in C:\Users\Abdul Rahman\Local Sites\LGL-Website\app\public\wp-content\themes\lgl-theme\functions.php on line 144
[04-Dec-2023 01:01:14 UTC] PHP Warning:  PHP Startup: Unable to load dynamic library 'php_zip.dll' (tried: C:/Users/Abdul Rahman/AppData/Roaming/Local/lightning-services/php-8.1.23+0/bin/win64/ext\php_zip.dll (The specified module could not be found), C:/Users/Abdul Rahman/AppData/Roaming/Local/lightning-services/php-8.1.23+0/bin/win64/ext\php_php_zip.dll.dll (The specified module could not be found)) in Unknown on line 0
[04-Dec-2023 01:01:14 UTC] PHP Warning:  PHP Startup: Unable to load dynamic library 'php_zip.dll' (tried: C:/Users/Abdul Rahman/AppData/Roaming/Local/lightning-services/php-8.1.23+0/bin/win64/ext\php_zip.dll (The specified module could not be found), C:/Users/Abdul Rahman/AppData/Roaming/Local/lightning-services/php-8.1.23+0/bin/win64/ext\php_php_zip.dll.dll (The specified module could not be found)) in Unknown on line 0
[04-Dec-2023 01:01:14 UTC] PHP Warning:  PHP Startup: Unable to load dynamic library 'php_zip.dll' (tried: C:/Users/Abdul Rahman/AppData/Roaming/Local/lightning-services/php-8.1.23+0/bin/win64/ext\php_zip.dll (The specified module could not be found), C:/Users/Abdul Rahman/AppData/Roaming/Local/lightning-services/php-8.1.23+0/bin/win64/ext\php_php_zip.dll.dll (The specified module could not be found)) in Unknown on line 0
[04-Dec-2023 01:01:14 UTC] PHP Warning:  PHP Startup: Unable to load dynamic library 'php_zip.dll' (tried: C:/Users/Abdul Rahman/AppData/Roaming/Local/lightning-services/php-8.1.23+0/bin/win64/ext\php_zip.dll (The specified module could not be found), C:/Users/Abdul Rahman/AppData/Roaming/Local/lightning-services/php-8.1.23+0/bin/win64/ext\php_php_zip.dll.dll (The specified module could not be found)) in Unknown on line 0
[04-Dec-2023 01:01:14 UTC] PHP Warning:  PHP Startup: Unable to load dynamic library 'php_zip.dll' (tried: C:/Users/Abdul Rahman/AppData/Roaming/Local/lightning-services/php-8.1.23+0/bin/win64/ext\php_zip.dll (The specified module could not be found), C:/Users/Abdul Rahman/AppData/Roaming/Local/lightning-services/php-8.1.23+0/bin/win64/ext\php_php_zip.dll.dll (The specified module could not be found)) in Unknown on line 0
[04-Dec-2023 01:01:14 UTC] PHP Warning:  PHP Startup: Unable to load dynamic library 'php_zip.dll' (tried: C:/Users/Abdul Rahman/AppData/Roaming/Local/lightning-services/php-8.1.23+0/bin/win64/ext\php_zip.dll (The specified module could not be found), C:/Users/Abdul Rahman/AppData/Roaming/Local/lightning-services/php-8.1.23+0/bin/win64/ext\php_php_zip.dll.dll (The specified module could not be found)) in Unknown on line 0
[04-Dec-2023 01:01:15 UTC] PHP Warning:  PHP Startup: Unable to load dynamic library 'php_zip.dll' (tried: C:/Users/Abdul Rahman/AppData/Roaming/Local/lightning-services/php-8.1.23+0/bin/win64/ext\php_zip.dll (The specified module could not be found), C:/Users/Abdul Rahman/AppData/Roaming/Local/lightning-services/php-8.1.23+0/bin/win64/ext\php_php_zip.dll.dll (The specified module could not be found)) in Unknown on line 0
[04-Dec-2023 01:01:16 UTC] PHP Warning:  PHP Startup: Unable to load dynamic library 'php_zip.dll' (tried: C:/Users/Abdul Rahman/AppData/Roaming/Local/lightning-services/php-8.1.23+0/bin/win64/ext\php_zip.dll (The specified module could not be found), C:/Users/Abdul Rahman/AppData/Roaming/Local/lightning-services/php-8.1.23+0/bin/win64/ext\php_php_zip.dll.dll (The specified module could not be found)) in Unknown on line 0
[04-Dec-2023 01:01:17 UTC] PHP Warning:  PHP Startup: Unable to load dynamic library 'php_zip.dll' (tried: C:/Users/Abdul Rahman/AppData/Roaming/Local/lightning-services/php-8.1.23+0/bin/win64/ext\php_zip.dll (The specified module could not be found), C:/Users/Abdul Rahman/AppData/Roaming/Local/lightning-services/php-8.1.23+0/bin/win64/ext\php_php_zip.dll.dll (The specified module could not be found)) in Unknown on line 0
[04-Dec-2023 01:01:17 UTC] PHP Warning:  PHP Startup: Unable to load dynamic library 'php_zip.dll' (tried: C:/Users/Abdul Rahman/AppData/Roaming/Local/lightning-services/php-8.1.23+0/bin/win64/ext\php_zip.dll (The specified module could not be found), C:/Users/Abdul Rahman/AppData/Roaming/Local/lightning-services/php-8.1.23+0/bin/win64/ext\php_php_zip.dll.dll (The specified module could not be found)) in Unknown on line 0
[04-Dec-2023 01:01:17 UTC] PHP Warning:  PHP Startup: Unable to load dynamic library 'php_zip.dll' (tried: C:/Users/Abdul Rahman/AppData/Roaming/Local/lightning-services/php-8.1.23+0/bin/win64/ext\php_zip.dll (The specified module could not be found), C:/Users/Abdul Rahman/AppData/Roaming/Local/lightning-services/php-8.1.23+0/bin/win64/ext\php_php_zip.dll.dll (The specified module could not be found)) in Unknown on line 0
[04-Dec-2023 02:05:50 UTC] PHP Warning:  Undefined variable $contets in C:\Users\Abdul Rahman\Local Sites\LGL-Website\app\public\wp-content\themes\lgl-theme\components\carousel.php on line 14
[04-Dec-2023 02:05:50 UTC] PHP Warning:  foreach() argument must be of type array|object, null given in C:\Users\Abdul Rahman\Local Sites\LGL-Website\app\public\wp-content\themes\lgl-theme\components\carousel.php on line 14
